Unity Editor version:    2020.3.21f1c1 (ae728190a658)
Branch:                  2020.3/china_unity/release
Build type:              Release
Batch mode:              YES
macOS version:           Version 10.15.7 (Build 19H15)
Darwin version:          19.6.0
Architecture:            x86_64
Running under Rosetta:   NO
Available memory:        16384 MB
Using pre-set license
Pro License: NO

COMMAND LINE ARGUMENTS:
/Applications/Unity/Hub/Editor/2020.3.21f1c1/Unity.app/Contents/MacOS/Unity
-adb2
-batchMode
-noUpm
-name
AssetImportWorker0
-projectPath
/Users/mac/Downloads/TileMaster3D_PlayableAds
-logFile
Logs/AssetImportWorker0.log
-srvPort
54147
Successfully changed project path to: /Users/mac/Downloads/TileMaster3D_PlayableAds
/Users/mac/Downloads/TileMaster3D_PlayableAds
Using Asset Import Pipeline V2.
AS: AutoStreaming module initializing.Refreshing native plugins compatible for Editor in 14.04 ms, found 1 plugins.
Preloading 0 native plugins for Editor in 0.00 ms.
Initialize engine version: 2020.3.21f1c1 (ae728190a658)
[Subsystems] Discovering subsystems at path /Applications/Unity/Hub/Editor/2020.3.21f1c1/Unity.app/Contents/Resources/UnitySubsystems
[Subsystems] Discovering subsystems at path /Users/mac/Downloads/TileMaster3D_PlayableAds/Assets
GfxDevice: creating device client; threaded=0
2021-12-15 17:24:46.887 Unity[5353:142327] Redmi 27 NF preferred device: Intel(R) UHD Graphics 630 (low power)
2021-12-15 17:24:46.887 Unity[5353:142327] Metal devices available: 1
2021-12-15 17:24:46.887 Unity[5353:142327] 0: Intel(R) UHD Graphics 630 (low power)
2021-12-15 17:24:46.887 Unity[5353:142327] Using device Intel(R) UHD Graphics 630 (low power)
Initializing Metal device caps: Intel(R) UHD Graphics 630
Initialize mono
Mono path[0] = '/Applications/Unity/Hub/Editor/2020.3.21f1c1/Unity.app/Contents/Managed'
Mono path[1] = '/Applications/Unity/Hub/Editor/2020.3.21f1c1/Unity.app/Contents/MonoBleedingEdge/lib/mono/unityjit'
Mono config path = '/Applications/Unity/Hub/Editor/2020.3.21f1c1/Unity.app/Contents/MonoBleedingEdge/etc'
Using monoOptions --debugger-agent=transport=dt_socket,embedding=1,server=y,suspend=n,address=127.0.0.1:56353
Begin MonoManager ReloadAssembly
Registering precompiled unity dll's ...
Register platform support module: /Applications/Unity/Hub/Editor/2020.3.21f1c1/Unity.app/Contents/PlaybackEngines/MacStandaloneSupport/UnityEditor.OSXStandalone.Extensions.dll
Registered in 0.000438 seconds.
Native extension for OSXStandalone target not found
Refreshing native plugins compatible for Editor in 13.40 ms, found 1 plugins.
Preloading 0 native plugins for Editor in 0.00 ms.
Mono: successfully reloaded assembly
- Completed reload, in  2.593 seconds
Domain Reload Profiling:
	ReloadAssembly (2593ms)
		BeginReloadAssembly (45ms)
			ExecutionOrderSort (0ms)
			DisableScriptedObjects (0ms)
			BackupInstance (0ms)
			ReleaseScriptingObjects (0ms)
			CreateAndSetChildDomain (1ms)
		EndReloadAssembly (487ms)
			LoadAssemblies (44ms)
			RebuildTransferFunctionScriptingTraits (0ms)
			SetupTypeCache (189ms)
			ReleaseScriptCaches (0ms)
			RebuildScriptCaches (43ms)
			SetupLoadedEditorAssemblies (166ms)
				LogAssemblyErrors (0ms)
				InitializePlatformSupportModulesInManaged (4ms)
				SetLoadedEditorAssemblies (0ms)
				RefreshPlugins (13ms)
				BeforeProcessingInitializeOnLoad (10ms)
				ProcessInitializeOnLoadAttributes (106ms)
				ProcessInitializeOnLoadMethodAttributes (33ms)
				AfterProcessingInitializeOnLoad (0ms)
				EditorAssembliesLoaded (0ms)
			ExecutionOrderSort2 (0ms)
			AwakeInstancesAfterBackupRestoration (0ms)
Platform modules already initialized, skipping
Registering precompiled user dll's ...
Registered in 0.000652 seconds.
Begin MonoManager ReloadAssembly
Native extension for OSXStandalone target not found
Refreshing native plugins compatible for Editor in 0.14 ms, found 1 plugins.
Preloading 0 native plugins for Editor in 0.00 ms.
Mono: successfully reloaded assembly
- Completed reload, in  0.897 seconds
Domain Reload Profiling:
	ReloadAssembly (898ms)
		BeginReloadAssembly (167ms)
			ExecutionOrderSort (0ms)
			DisableScriptedObjects (5ms)
			BackupInstance (0ms)
			ReleaseScriptingObjects (0ms)
			CreateAndSetChildDomain (32ms)
		EndReloadAssembly (660ms)
			LoadAssemblies (70ms)
			RebuildTransferFunctionScriptingTraits (0ms)
			SetupTypeCache (227ms)
			ReleaseScriptCaches (0ms)
			RebuildScriptCaches (52ms)
			SetupLoadedEditorAssemblies (194ms)
				LogAssemblyErrors (0ms)
				InitializePlatformSupportModulesInManaged (6ms)
				SetLoadedEditorAssemblies (0ms)
				RefreshPlugins (0ms)
				BeforeProcessingInitializeOnLoad (57ms)
				ProcessInitializeOnLoadAttributes (123ms)
				ProcessInitializeOnLoadMethodAttributes (6ms)
				AfterProcessingInitializeOnLoad (1ms)
				EditorAssembliesLoaded (0ms)
			ExecutionOrderSort2 (0ms)
			AwakeInstancesAfterBackupRestoration (8ms)
Platform modules already initialized, skipping
Validating Project structure ... 0.002876 seconds.

LICENSE SYSTEM [20211215 17:24:50] Next license update check is after 2021-12-16T03:49:02

Shader import version has changed; will reimport all shaders...
Upgrading shader files ...0.004381 seconds.
Application.AssetDatabase Initial Script Refresh Start
RefreshInfo: InitialScriptRefreshV2(NoUpdateAssetOptions) scanfilter:  ... 1 filters
RefreshProfiler: Total: 0.000ms
Application.AssetDatabase Initial Script Refresh End
Application.AssetDatabase.Refresh Start
Application.AssetDatabase.Refresh End
RefreshInfo: StopAssetImportingV2(ForceSynchronousImport) scanfilter: 
RefreshProfiler: Total: 0.000ms
Launching external process: /Applications/Unity/Hub/Editor/2020.3.21f1c1/Unity.app/Contents/Tools/UnityShaderCompiler
Launched and connected shader compiler UnityShaderCompiler after 0.01 seconds
Initializing Unity extensions:
========================================================================
Worker process is ready to serve import requests
Refreshing native plugins compatible for Editor in 0.13 ms, found 1 plugins.
Preloading 0 native plugins for Editor in 0.00 ms.
Unloading 599 Unused Serialized files (Serialized files now loaded: 0)
System memory in use before: 119.9 MB.
System memory in use after: 119.0 MB.

Unloading 73 unused Assets to reduce memory usage. Loaded Objects now: 1086.
Total: 2.410020 ms (FindLiveObjects: 0.082154 ms CreateObjectMapping: 0.016018 ms MarkObjects: 1.883282 ms  DeleteObjects: 0.427935 ms)

AssetImportParameters requested are different than current active one (requested -> active):
  custom:video-decoder-ogg-theora: a1e56fd34408186e4bbccfd4996cb3dc -> 
  custom:container-muxer-webm: aa71ff27fc2769a1b78a27578f13a17b -> 
  custom:container-demuxer-webm: 4f35f7cbe854078d1ac9338744f61a02 -> 
  custom:container-demuxer-ogg: 62fdf1f143b41e24485cea50d1cbac27 -> 
  custom:video-encoder-webm-vp8: eb34c28f22e8b96e1ab97ce403110664 -> 
  custom:framework-osx-AVFoundation: b23960f63f64bdc6ff669e2cdcee2391 -> 
  custom:video-decoder-webm-vp8: 9c59270c3fd7afecdb556c50c9e8de78 -> 
  custom:audio-decoder-ogg-vorbis: bf7c407c2cedff20999df2af8eb42d56 -> 
  custom:audio-encoder-webm-vorbis: bf7c407c2cedff20999df2af8eb42d56 -> 
========================================================================
Received Import Request.
  path: Assets/FreeButtonSet/Textures/icons/32x32/share.png
  artifactKey: Guid(f93fb28de2f7a5f4aa6babd1576b7828) Importer(815301076,1909f56bfc062723c751e8b465ee728b)
Start importing Assets/FreeButtonSet/Textures/icons/32x32/share.png using Guid(f93fb28de2f7a5f4aa6babd1576b7828) Importer(815301076,1909f56bfc062723c751e8b465ee728b)  -> (artifact id: '71bbf4e21332a5ad610f802dfe8a986a') in 0.345190 seconds 
  Import took 0.347105 seconds .

========================================================================
Received Import Request.
  Time since last request: 0.003382 seconds.
  path: Assets/FreeButtonSet/Textures/icons/32x32/pause.png
  artifactKey: Guid(8eb9669081de23044bab500123db153d) Importer(815301076,1909f56bfc062723c751e8b465ee728b)
Start importing Assets/FreeButtonSet/Textures/icons/32x32/pause.png using Guid(8eb9669081de23044bab500123db153d) Importer(815301076,1909f56bfc062723c751e8b465ee728b)  -> (artifact id: '56184a22c6c17ce38da6aab85bb8317c') in 0.007906 seconds 
  Import took 0.009727 seconds .

========================================================================
Received Import Request.
  Time since last request: 0.000215 seconds.
  path: Assets/FreeButtonSet/Textures/icons/32x32/menu.png
  artifactKey: Guid(873fef88362100240875f61cefb4a8ae) Importer(815301076,1909f56bfc062723c751e8b465ee728b)
Start importing Assets/FreeButtonSet/Textures/icons/32x32/menu.png using Guid(873fef88362100240875f61cefb4a8ae) Importer(815301076,1909f56bfc062723c751e8b465ee728b)  -> (artifact id: 'b1c2bab2f7adcfefd9fcd2f856d91b32') in 0.005636 seconds 
  Import took 0.006793 seconds .

========================================================================
Received Import Request.
  Time since last request: 0.000158 seconds.
  path: Assets/FreeButtonSet/Textures/icons/32x32/help.png
  artifactKey: Guid(17616644aaeac474888ce77a1e464cf8) Importer(815301076,1909f56bfc062723c751e8b465ee728b)
Start importing Assets/FreeButtonSet/Textures/icons/32x32/help.png using Guid(17616644aaeac474888ce77a1e464cf8) Importer(815301076,1909f56bfc062723c751e8b465ee728b)  -> (artifact id: 'ead22d4476d973a3d41ec3355c52ddcf') in 0.008964 seconds 
  Import took 0.010381 seconds .

========================================================================
Received Import Request.
  Time since last request: 0.000174 seconds.
  path: Assets/FreeButtonSet/Textures/icons/32x32/repeat.png
  artifactKey: Guid(adb9df14921d3844ba1a07fdb2766d3b) Importer(815301076,1909f56bfc062723c751e8b465ee728b)
Start importing Assets/FreeButtonSet/Textures/icons/32x32/repeat.png using Guid(adb9df14921d3844ba1a07fdb2766d3b) Importer(815301076,1909f56bfc062723c751e8b465ee728b)  -> (artifact id: '1de5b9d70891ffc5e047becc8d24adf1') in 0.009401 seconds 
  Import took 0.010517 seconds .

========================================================================
Received Import Request.
  Time since last request: 0.000151 seconds.
  path: Assets/FreeButtonSet/Textures/icons/32x32/heart.png
  artifactKey: Guid(387454f6cd7cc5047bc289d606b175b3) Importer(815301076,1909f56bfc062723c751e8b465ee728b)
Start importing Assets/FreeButtonSet/Textures/icons/32x32/heart.png using Guid(387454f6cd7cc5047bc289d606b175b3) Importer(815301076,1909f56bfc062723c751e8b465ee728b)  -> (artifact id: 'b53ab7adbe8a4f2d4f2dc02227171ae1') in 0.005521 seconds 
  Import took 0.006599 seconds .

========================================================================
Received Import Request.
  Time since last request: 1.566567 seconds.
  path: Assets/FreeButtonSet/Textures/icons/256x256/star.png
  artifactKey: Guid(b6a757f6793cb0148a905bea74154284) Importer(815301076,1909f56bfc062723c751e8b465ee728b)
Start importing Assets/FreeButtonSet/Textures/icons/256x256/star.png using Guid(b6a757f6793cb0148a905bea74154284) Importer(815301076,1909f56bfc062723c751e8b465ee728b)  -> (artifact id: 'a353b83b77e2c584bc348ff4eeb7e97c') in 0.008890 seconds 
  Import took 0.010189 seconds .

========================================================================
Received Import Request.
  Time since last request: 0.508290 seconds.
  path: Assets/FreeButtonSet/Textures/icons/256x256/user.png
  artifactKey: Guid(c78d369807d13294aa60a37e1092dc6e) Importer(815301076,1909f56bfc062723c751e8b465ee728b)
Start importing Assets/FreeButtonSet/Textures/icons/256x256/user.png using Guid(c78d369807d13294aa60a37e1092dc6e) Importer(815301076,1909f56bfc062723c751e8b465ee728b)  -> (artifact id: 'bba56015a9eb93964b7ae9e54d638f5b') in 0.008491 seconds 
  Import took 0.009894 seconds .

========================================================================
Received Import Request.
  Time since last request: 0.293944 seconds.
  path: Assets/FreeButtonSet/Textures/icons/256x256/settings.png
  artifactKey: Guid(29cd5fa083a9a4d448c49c770629f19e) Importer(815301076,1909f56bfc062723c751e8b465ee728b)
Start importing Assets/FreeButtonSet/Textures/icons/256x256/settings.png using Guid(29cd5fa083a9a4d448c49c770629f19e) Importer(815301076,1909f56bfc062723c751e8b465ee728b)  -> (artifact id: '7e72fa83da381f4279451ec3099392ec') in 0.008674 seconds 
  Import took 0.010164 seconds .

========================================================================
Received Import Request.
  Time since last request: 0.533045 seconds.
  path: Assets/FreeButtonSet/Textures/icons/256x256/minus.png
  artifactKey: Guid(6d3df38cd65ff494387432fd56427bde) Importer(815301076,1909f56bfc062723c751e8b465ee728b)
Start importing Assets/FreeButtonSet/Textures/icons/256x256/minus.png using Guid(6d3df38cd65ff494387432fd56427bde) Importer(815301076,1909f56bfc062723c751e8b465ee728b)  -> (artifact id: '9b6d7b9671c7a48aedb14d388368600b') in 0.007856 seconds 
  Import took 0.009059 seconds .

========================================================================
Received Prepare
Registering precompiled user dll's ...
Registered in 0.000639 seconds.
Begin MonoManager ReloadAssembly
Native extension for OSXStandalone target not found
Refreshing native plugins compatible for Editor in 0.15 ms, found 1 plugins.
Preloading 0 native plugins for Editor in 0.00 ms.
Mono: successfully reloaded assembly
- Completed reload, in  0.879 seconds
Domain Reload Profiling:
	ReloadAssembly (879ms)
		BeginReloadAssembly (108ms)
			ExecutionOrderSort (0ms)
			DisableScriptedObjects (5ms)
			BackupInstance (0ms)
			ReleaseScriptingObjects (0ms)
			CreateAndSetChildDomain (42ms)
		EndReloadAssembly (700ms)
			LoadAssemblies (71ms)
			RebuildTransferFunctionScriptingTraits (0ms)
			SetupTypeCache (229ms)
			ReleaseScriptCaches (0ms)
			RebuildScriptCaches (55ms)
			SetupLoadedEditorAssemblies (217ms)
				LogAssemblyErrors (0ms)
				InitializePlatformSupportModulesInManaged (5ms)
				SetLoadedEditorAssemblies (0ms)
				RefreshPlugins (0ms)
				BeforeProcessingInitializeOnLoad (88ms)
				ProcessInitializeOnLoadAttributes (116ms)
				ProcessInitializeOnLoadMethodAttributes (5ms)
				AfterProcessingInitializeOnLoad (1ms)
				EditorAssembliesLoaded (0ms)
			ExecutionOrderSort2 (0ms)
			AwakeInstancesAfterBackupRestoration (8ms)
Platform modules already initialized, skipping
Switching build target platform(2) subTarget(0) extendedPlatform(0) -> platform(13) subTarget(537395200) extendedPlatform(0)
Refreshing native plugins compatible for Editor in 0.15 ms, found 1 plugins.
Preloading 0 native plugins for Editor in 0.00 ms.
Unloading 595 Unused Serialized files (Serialized files now loaded: 0)
System memory in use before: 122.2 MB.
System memory in use after: 122.2 MB.

Unloading 8 unused Assets to reduce memory usage. Loaded Objects now: 1096.
Total: 2.171980 ms (FindLiveObjects: 0.097533 ms CreateObjectMapping: 0.016917 ms MarkObjects: 2.040539 ms  DeleteObjects: 0.015853 ms)

AssetImportParameters requested are different than current active one (requested -> active):
  custom:video-decoder-ogg-theora: a1e56fd34408186e4bbccfd4996cb3dc -> 
  custom:container-muxer-webm: aa71ff27fc2769a1b78a27578f13a17b -> 
  custom:container-demuxer-webm: 4f35f7cbe854078d1ac9338744f61a02 -> 
  custom:container-demuxer-ogg: 62fdf1f143b41e24485cea50d1cbac27 -> 
  custom:video-encoder-webm-vp8: eb34c28f22e8b96e1ab97ce403110664 -> 
  custom:framework-osx-AVFoundation: b23960f63f64bdc6ff669e2cdcee2391 -> 
  custom:video-decoder-webm-vp8: 9c59270c3fd7afecdb556c50c9e8de78 -> 
  custom:graphics/normal-map-encoding: 01000000000000000000000000000000 -> 02000000000000000000000000000000
  custom:audio-decoder-ogg-vorbis: bf7c407c2cedff20999df2af8eb42d56 -> 
  custom:audio-encoder-webm-vorbis: bf7c407c2cedff20999df2af8eb42d56 -> 
========================================================================
Received Import Request.
  Time since last request: 180.465764 seconds.
  path: Assets/Plugins/Demigiant
  artifactKey: Guid(8f852eca672c84132ae13589a19f4e0d) Importer(815301076,1909f56bfc062723c751e8b465ee728b)
Start importing Assets/Plugins/Demigiant using Guid(8f852eca672c84132ae13589a19f4e0d) Importer(815301076,1909f56bfc062723c751e8b465ee728b)  -> (artifact id: 'ae1c5f7479e2107152546b5146422d03') in 0.002277 seconds 
  Import took 0.003316 seconds .

========================================================================
Received Import Request.
  Time since last request: 32.336187 seconds.
  path: Assets/ManyBlockScene/Res/Atlas/1.png
  artifactKey: Guid(d3d0c928c7a3d4dbc9e3d7bb5d6f2735) Importer(815301076,1909f56bfc062723c751e8b465ee728b)
Start importing Assets/ManyBlockScene/Res/Atlas/1.png using Guid(d3d0c928c7a3d4dbc9e3d7bb5d6f2735) Importer(815301076,1909f56bfc062723c751e8b465ee728b)  -> (artifact id: 'fd029c9007d002cde0d76f695275a5e0') in 0.074571 seconds 
  Import took 0.075807 seconds .

========================================================================
Received Import Request.
  Time since last request: 0.000185 seconds.
  path: Assets/ManyBlockScene/Res/Atlas/3.png
  artifactKey: Guid(c6dc0a6687a724575a5af9d65a1cd701) Importer(815301076,1909f56bfc062723c751e8b465ee728b)
Start importing Assets/ManyBlockScene/Res/Atlas/3.png using Guid(c6dc0a6687a724575a5af9d65a1cd701) Importer(815301076,1909f56bfc062723c751e8b465ee728b)  -> (artifact id: 'b916e2b466fd00faab2e471d4b25f87c') in 0.008702 seconds 
  Import took 0.009817 seconds .

========================================================================
Received Import Request.
  Time since last request: 0.000185 seconds.
  path: Assets/ManyBlockScene/Res/Atlas/5.png
  artifactKey: Guid(35a8a128e910e49e98db591224bcc5f3) Importer(815301076,1909f56bfc062723c751e8b465ee728b)
Start importing Assets/ManyBlockScene/Res/Atlas/5.png using Guid(35a8a128e910e49e98db591224bcc5f3) Importer(815301076,1909f56bfc062723c751e8b465ee728b)  -> (artifact id: '46b86b4e2b701f4016cb5f0c3799de37') in 0.019578 seconds 
  Import took 0.020610 seconds .

========================================================================
Received Import Request.
  Time since last request: 0.000182 seconds.
  path: Assets/ManyBlockScene/Res/Atlas/6.png
  artifactKey: Guid(cd35fa1c6ee164d0f99b14f084a630ab) Importer(815301076,1909f56bfc062723c751e8b465ee728b)
Start importing Assets/ManyBlockScene/Res/Atlas/6.png using Guid(cd35fa1c6ee164d0f99b14f084a630ab) Importer(815301076,1909f56bfc062723c751e8b465ee728b)  -> (artifact id: 'de337f8b8c0cd13161bab13d16883bf3') in 0.020522 seconds 
  Import took 0.021679 seconds .

========================================================================
Received Import Request.
  Time since last request: 0.000163 seconds.
  path: Assets/Fantasy Wooden GUI  Free/normal_ui_set A/1_normal_ui_set-free.png
  artifactKey: Guid(f3e42cb7317f6f14186e2c2267014de2) Importer(815301076,1909f56bfc062723c751e8b465ee728b)
Start importing Assets/Fantasy Wooden GUI  Free/normal_ui_set A/1_normal_ui_set-free.png using Guid(f3e42cb7317f6f14186e2c2267014de2) Importer(815301076,1909f56bfc062723c751e8b465ee728b)  -> (artifact id: '72d6eeecd4916551de31fe6d8f82bb04') in 0.033508 seconds 
  Import took 0.034730 seconds .

========================================================================
Received Import Request.
  Time since last request: 0.000172 seconds.
  path: Assets/Fantasy Wooden GUI  Free/normal_ui_set A/1_normal_ui_set free.psd
  artifactKey: Guid(1ab331a196bae1046b7a75ed7e3f6b46) Importer(815301076,1909f56bfc062723c751e8b465ee728b)
Start importing Assets/Fantasy Wooden GUI  Free/normal_ui_set A/1_normal_ui_set free.psd using Guid(1ab331a196bae1046b7a75ed7e3f6b46) Importer(815301076,1909f56bfc062723c751e8b465ee728b)  -> (artifact id: '2455475a5035bd084750204b2287ee4a') in 0.371443 seconds 
  Import took 0.372481 seconds .

========================================================================
Received Import Request.
  Time since last request: 0.002942 seconds.
  path: Assets/ManyBlockScene/Res/Atlas/4.png
  artifactKey: Guid(5ac8cdfd83faf44a9baef37e9e75ab3e) Importer(815301076,1909f56bfc062723c751e8b465ee728b)
Start importing Assets/ManyBlockScene/Res/Atlas/4.png using Guid(5ac8cdfd83faf44a9baef37e9e75ab3e) Importer(815301076,1909f56bfc062723c751e8b465ee728b)  -> (artifact id: '0de2e52a53848f59206e14f196b5a150') in 0.007068 seconds 
  Import took 0.008229 seconds .

========================================================================
Received Import Request.
  Time since last request: 0.000185 seconds.
  path: Assets/ManyBlockScene/Res/Atlas/2.png
  artifactKey: Guid(32d1d08bcc01d419393e14a98d62d98c) Importer(815301076,1909f56bfc062723c751e8b465ee728b)
Start importing Assets/ManyBlockScene/Res/Atlas/2.png using Guid(32d1d08bcc01d419393e14a98d62d98c) Importer(815301076,1909f56bfc062723c751e8b465ee728b)  -> (artifact id: 'd2b80fa06d663be924199fcc52f038b4') in 0.019605 seconds 
  Import took 0.020719 seconds .

========================================================================
Received Import Request.
  Time since last request: 1.280630 seconds.
  path: Assets/ManyBlockScene/Res/Atlas/7.png
  artifactKey: Guid(c74b4660915574b88b8e6b805717e249) Importer(815301076,1909f56bfc062723c751e8b465ee728b)
Start importing Assets/ManyBlockScene/Res/Atlas/7.png using Guid(c74b4660915574b88b8e6b805717e249) Importer(815301076,1909f56bfc062723c751e8b465ee728b)  -> (artifact id: '4febae49db347bce4baef203e1684849') in 0.006930 seconds 
  Import took 0.008073 seconds .

========================================================================
Received Import Request.
  Time since last request: 0.000163 seconds.
  path: Assets/ManyBlockScene/Res/Atlas/9.png
  artifactKey: Guid(6010f6c2976d04642b3d51e251f541f2) Importer(815301076,1909f56bfc062723c751e8b465ee728b)
Start importing Assets/ManyBlockScene/Res/Atlas/9.png using Guid(6010f6c2976d04642b3d51e251f541f2) Importer(815301076,1909f56bfc062723c751e8b465ee728b)  -> (artifact id: '16c24ea88254af7029088eb47baa0c30') in 0.006812 seconds 
  Import took 0.007905 seconds .

========================================================================
Received Import Request.
  Time since last request: 0.000166 seconds.
  path: Assets/ManyBlockScene/Res/Atlas/8.png
  artifactKey: Guid(60129c2dbba4e46cd8f95fea456d723b) Importer(815301076,1909f56bfc062723c751e8b465ee728b)
Start importing Assets/ManyBlockScene/Res/Atlas/8.png using Guid(60129c2dbba4e46cd8f95fea456d723b) Importer(815301076,1909f56bfc062723c751e8b465ee728b)  -> (artifact id: 'df7a67d171cbf107e99b18bb05d1c279') in 0.006609 seconds 
  Import took 0.007757 seconds .

========================================================================
Received Import Request.
  Time since last request: 0.000186 seconds.
  path: Assets/ManyBlockScene/Res/Atlas/10.png
  artifactKey: Guid(9ec79656e118a4118aa3bed25556d19c) Importer(815301076,1909f56bfc062723c751e8b465ee728b)
Start importing Assets/ManyBlockScene/Res/Atlas/10.png using Guid(9ec79656e118a4118aa3bed25556d19c) Importer(815301076,1909f56bfc062723c751e8b465ee728b)  -> (artifact id: '5b0f7c16ba8349286b0dea49bef86cbe') in 0.006834 seconds 
  Import took 0.007939 seconds .

========================================================================
Received Import Request.
  Time since last request: 0.008065 seconds.
  path: Assets/ManyBlockScene/Res/Atlas/11.png
  artifactKey: Guid(2ba5acb1c72934b3f9a69e7a07ef5e99) Importer(815301076,1909f56bfc062723c751e8b465ee728b)
Start importing Assets/ManyBlockScene/Res/Atlas/11.png using Guid(2ba5acb1c72934b3f9a69e7a07ef5e99) Importer(815301076,1909f56bfc062723c751e8b465ee728b)  -> (artifact id: '6ef29f39e346994e89eaf46681352f90') in 0.006641 seconds 
  Import took 0.007764 seconds .

========================================================================
Received Import Request.
  Time since last request: 0.000173 seconds.
  path: Assets/ManyBlockScene/Res/Atlas/14.png
  artifactKey: Guid(270748404bad14f0da0f25f260de5650) Importer(815301076,1909f56bfc062723c751e8b465ee728b)
Start importing Assets/ManyBlockScene/Res/Atlas/14.png using Guid(270748404bad14f0da0f25f260de5650) Importer(815301076,1909f56bfc062723c751e8b465ee728b)  -> (artifact id: '77fde9c06e9ee75f993ed9502f8ed224') in 0.007190 seconds 
  Import took 0.008270 seconds .

========================================================================
Received Import Request.
  Time since last request: 0.000160 seconds.
  path: Assets/ManyBlockScene/Res/Atlas/12.png
  artifactKey: Guid(ed5c58f6b46f34e4cb340f5e2d58e305) Importer(815301076,1909f56bfc062723c751e8b465ee728b)
Start importing Assets/ManyBlockScene/Res/Atlas/12.png using Guid(ed5c58f6b46f34e4cb340f5e2d58e305) Importer(815301076,1909f56bfc062723c751e8b465ee728b)  -> (artifact id: '29556c2f2e9bfeb0905fdc098c75b11f') in 0.007310 seconds 
  Import took 0.008402 seconds .

========================================================================
Received Import Request.
  Time since last request: 0.000144 seconds.
  path: Assets/ManyBlockScene/Res/Atlas/13.png
  artifactKey: Guid(048471a77eb0242fa87def93de649a56) Importer(815301076,1909f56bfc062723c751e8b465ee728b)
Start importing Assets/ManyBlockScene/Res/Atlas/13.png using Guid(048471a77eb0242fa87def93de649a56) Importer(815301076,1909f56bfc062723c751e8b465ee728b)  -> (artifact id: '9c4fad88c872ce17e23d4f4862b561d2') in 0.006633 seconds 
  Import took 0.007702 seconds .

========================================================================
Received Import Request.
  Time since last request: 0.020393 seconds.
  path: Assets/ManyBlockScene/Res/Atlas/15.png
  artifactKey: Guid(919e7d869f9fb4e548fbef976bbe3df8) Importer(815301076,1909f56bfc062723c751e8b465ee728b)
Start importing Assets/ManyBlockScene/Res/Atlas/15.png using Guid(919e7d869f9fb4e548fbef976bbe3df8) Importer(815301076,1909f56bfc062723c751e8b465ee728b)  -> (artifact id: '69efddbd50b8afcfb3bec473ecce4884') in 0.006677 seconds 
  Import took 0.007804 seconds .

========================================================================
Received Import Request.
  Time since last request: 0.000179 seconds.
  path: Assets/ManyBlockScene/Res/Atlas/18.png
  artifactKey: Guid(cd88ea2f0d1d54e179608bc72e59e480) Importer(815301076,1909f56bfc062723c751e8b465ee728b)
Start importing Assets/ManyBlockScene/Res/Atlas/18.png using Guid(cd88ea2f0d1d54e179608bc72e59e480) Importer(815301076,1909f56bfc062723c751e8b465ee728b)  -> (artifact id: 'c9da8974874f6ff47ca53b15146c5b49') in 0.006819 seconds 
  Import took 0.007960 seconds .

========================================================================
Received Import Request.
  Time since last request: 0.000148 seconds.
  path: Assets/ManyBlockScene/Res/Atlas/16.png
  artifactKey: Guid(e64ba9a4bde264898945cd2f6370add1) Importer(815301076,1909f56bfc062723c751e8b465ee728b)
Start importing Assets/ManyBlockScene/Res/Atlas/16.png using Guid(e64ba9a4bde264898945cd2f6370add1) Importer(815301076,1909f56bfc062723c751e8b465ee728b)  -> (artifact id: '1e8b1cabb92ec5802dc7fb2bd7bbafba') in 0.006647 seconds 
  Import took 0.007866 seconds .

========================================================================
Received Import Request.
  Time since last request: 0.000156 seconds.
  path: Assets/ManyBlockScene/Res/Atlas/17.png
  artifactKey: Guid(cfe62bddebb994d5081913d2c0c29a7c) Importer(815301076,1909f56bfc062723c751e8b465ee728b)
Start importing Assets/ManyBlockScene/Res/Atlas/17.png using Guid(cfe62bddebb994d5081913d2c0c29a7c) Importer(815301076,1909f56bfc062723c751e8b465ee728b)  -> (artifact id: '03c87a33e1789af77dbe439cc2d97db3') in 0.006741 seconds 
  Import took 0.007799 seconds .

========================================================================
Received Import Request.
  Time since last request: 0.314486 seconds.
  path: Assets/ManyBlockScene/Res/Atlas/19.png
  artifactKey: Guid(64cecc71a798f403aab7640318bf676e) Importer(815301076,1909f56bfc062723c751e8b465ee728b)
Start importing Assets/ManyBlockScene/Res/Atlas/19.png using Guid(64cecc71a798f403aab7640318bf676e) Importer(815301076,1909f56bfc062723c751e8b465ee728b)  -> (artifact id: '70460ba413dcf426ead3c4185d89f17f') in 0.006968 seconds 
  Import took 0.008091 seconds .

========================================================================
Received Import Request.
  Time since last request: 0.000155 seconds.
  path: Assets/ManyBlockScene/Res/Atlas/20.png
  artifactKey: Guid(915c040ad65bf418583b871552d00133) Importer(815301076,1909f56bfc062723c751e8b465ee728b)
Start importing Assets/ManyBlockScene/Res/Atlas/20.png using Guid(915c040ad65bf418583b871552d00133) Importer(815301076,1909f56bfc062723c751e8b465ee728b)  -> (artifact id: '603f8b95733cd541d8d829f93305d4bb') in 0.006905 seconds 
  Import took 0.007975 seconds .

========================================================================
Received Import Request.
  Time since last request: 0.000165 seconds.
  path: Assets/ManyBlockScene/Res/Atlas/21.png
  artifactKey: Guid(966380bd3066a449a89a1cfcef8acaaf) Importer(815301076,1909f56bfc062723c751e8b465ee728b)
Start importing Assets/ManyBlockScene/Res/Atlas/21.png using Guid(966380bd3066a449a89a1cfcef8acaaf) Importer(815301076,1909f56bfc062723c751e8b465ee728b)  -> (artifact id: 'dad0a1210f6253df166fe2b64d774313') in 0.008262 seconds 
  Import took 0.009351 seconds .

========================================================================
Received Import Request.
  Time since last request: 0.000154 seconds.
  path: Assets/ManyBlockScene/Res/Atlas/22.png
  artifactKey: Guid(e2102368dd8dd435d9b09fb11ca789ee) Importer(815301076,1909f56bfc062723c751e8b465ee728b)
Start importing Assets/ManyBlockScene/Res/Atlas/22.png using Guid(e2102368dd8dd435d9b09fb11ca789ee) Importer(815301076,1909f56bfc062723c751e8b465ee728b)  -> (artifact id: 'ecd613cc1bb7539b942bc88fe90c8d73') in 0.007015 seconds 
  Import took 0.008058 seconds .

========================================================================
Received Import Request.
  Time since last request: 0.072568 seconds.
  path: Assets/ManyBlockScene/Res/Atlas/23.png
  artifactKey: Guid(69a37a732d2304636a1bd244d5b07543) Importer(815301076,1909f56bfc062723c751e8b465ee728b)
Start importing Assets/ManyBlockScene/Res/Atlas/23.png using Guid(69a37a732d2304636a1bd244d5b07543) Importer(815301076,1909f56bfc062723c751e8b465ee728b)  -> (artifact id: '42d83236150855acd2490f308282937e') in 0.006662 seconds 
  Import took 0.007892 seconds .

========================================================================
Received Import Request.
  Time since last request: 0.000164 seconds.
  path: Assets/ManyBlockScene/Res/Atlas/26.png
  artifactKey: Guid(96c61a0847fd3464ebb2c1020a8f4a37) Importer(815301076,1909f56bfc062723c751e8b465ee728b)
Start importing Assets/ManyBlockScene/Res/Atlas/26.png using Guid(96c61a0847fd3464ebb2c1020a8f4a37) Importer(815301076,1909f56bfc062723c751e8b465ee728b)  -> (artifact id: '86a9d6d6ee7193f9fb37e12f3a6b3f8e') in 0.006542 seconds 
  Import took 0.007602 seconds .

========================================================================
Received Import Request.
  Time since last request: 0.000157 seconds.
  path: Assets/ManyBlockScene/Res/Atlas/25.png
  artifactKey: Guid(ba0fe9939d20e4acca4f1d6b84f60117) Importer(815301076,1909f56bfc062723c751e8b465ee728b)
Start importing Assets/ManyBlockScene/Res/Atlas/25.png using Guid(ba0fe9939d20e4acca4f1d6b84f60117) Importer(815301076,1909f56bfc062723c751e8b465ee728b)  -> (artifact id: '85d43337a7e17b7a77de719ae15e1a58') in 0.005955 seconds 
  Import took 0.006960 seconds .

========================================================================
Received Import Request.
  Time since last request: 0.000227 seconds.
  path: Assets/ManyBlockScene/Res/Atlas/24.png
  artifactKey: Guid(6dcdccfac213740a095595a267e4bad5) Importer(815301076,1909f56bfc062723c751e8b465ee728b)
Start importing Assets/ManyBlockScene/Res/Atlas/24.png using Guid(6dcdccfac213740a095595a267e4bad5) Importer(815301076,1909f56bfc062723c751e8b465ee728b)  -> (artifact id: '9d81de8a14f7bc1a25da52eb39d4588f') in 0.006145 seconds 
  Import took 0.007146 seconds .

========================================================================
Received Import Request.
  Time since last request: 0.449843 seconds.
  path: Assets/ManyBlockScene/Res/Atlas/27.png
  artifactKey: Guid(55a235afec6bc48ab9700c592ac9001c) Importer(815301076,1909f56bfc062723c751e8b465ee728b)
Start importing Assets/ManyBlockScene/Res/Atlas/27.png using Guid(55a235afec6bc48ab9700c592ac9001c) Importer(815301076,1909f56bfc062723c751e8b465ee728b)  -> (artifact id: '7cb0f5eeee1ac5473a34cb944d6ce920') in 0.006622 seconds 
  Import took 0.007808 seconds .

========================================================================
Received Import Request.
  Time since last request: 0.000173 seconds.
  path: Assets/ManyBlockScene/Res/Atlas/28.png
  artifactKey: Guid(dbc36b7b45440431b8b28b5a94bd4889) Importer(815301076,1909f56bfc062723c751e8b465ee728b)
Start importing Assets/ManyBlockScene/Res/Atlas/28.png using Guid(dbc36b7b45440431b8b28b5a94bd4889) Importer(815301076,1909f56bfc062723c751e8b465ee728b)  -> (artifact id: '2953bb84bd0ba7dddb8248b459c68b04') in 0.006722 seconds 
  Import took 0.007827 seconds .

========================================================================
Received Import Request.
  Time since last request: 0.000155 seconds.
  path: Assets/ManyBlockScene/Res/Atlas/29.png
  artifactKey: Guid(f577604a620674367ba29c9fe99312b0) Importer(815301076,1909f56bfc062723c751e8b465ee728b)
Start importing Assets/ManyBlockScene/Res/Atlas/29.png using Guid(f577604a620674367ba29c9fe99312b0) Importer(815301076,1909f56bfc062723c751e8b465ee728b)  -> (artifact id: '8656dbd9dbfbed2eab91a5f89abb6983') in 0.006800 seconds 
  Import took 0.007967 seconds .

========================================================================
Received Import Request.
  Time since last request: 0.000155 seconds.
  path: Assets/ManyBlockScene/Res/Atlas/30.png
  artifactKey: Guid(99417cee6f8a84236b6ee2b16861251d) Importer(815301076,1909f56bfc062723c751e8b465ee728b)
Start importing Assets/ManyBlockScene/Res/Atlas/30.png using Guid(99417cee6f8a84236b6ee2b16861251d) Importer(815301076,1909f56bfc062723c751e8b465ee728b)  -> (artifact id: '325f9502ec38eed26a72b41ad9b8268c') in 0.006191 seconds 
  Import took 0.007154 seconds .

========================================================================
Received Import Request.
  Time since last request: 0.938848 seconds.
  path: Assets/FreeButtonSet/Textures/icons/128x128/arrow_down.png
  artifactKey: Guid(e968566a79d16394f97ee27c34c6ac78) Importer(815301076,1909f56bfc062723c751e8b465ee728b)
Start importing Assets/FreeButtonSet/Textures/icons/128x128/arrow_down.png using Guid(e968566a79d16394f97ee27c34c6ac78) Importer(815301076,1909f56bfc062723c751e8b465ee728b)  -> (artifact id: '6fef63ba5d18702e338935949c6ea189') in 0.007609 seconds 
  Import took 0.008801 seconds .

========================================================================
Received Import Request.
  Time since last request: 0.000235 seconds.
  path: Assets/FreeButtonSet/Textures/buttons/button_100.png
  artifactKey: Guid(47eaa4f43430bf14f996b113a313b0cc) Importer(815301076,1909f56bfc062723c751e8b465ee728b)
Start importing Assets/FreeButtonSet/Textures/buttons/button_100.png using Guid(47eaa4f43430bf14f996b113a313b0cc) Importer(815301076,1909f56bfc062723c751e8b465ee728b)  -> (artifact id: 'fe30a908704d14b8c9ced305f8da809b') in 0.007250 seconds 
  Import took 0.009081 seconds .

========================================================================
Received Import Request.
  Time since last request: 0.000177 seconds.
  path: Assets/FreeButtonSet/Textures/icons/128x128/arrow_up.png
  artifactKey: Guid(9e197a1515abdbc4b91281eee95e8b33) Importer(815301076,1909f56bfc062723c751e8b465ee728b)
Start importing Assets/FreeButtonSet/Textures/icons/128x128/arrow_up.png using Guid(9e197a1515abdbc4b91281eee95e8b33) Importer(815301076,1909f56bfc062723c751e8b465ee728b)  -> (artifact id: 'd2ef79f82fc5bddd06741573a356d8dc') in 0.007747 seconds 
  Import took 0.009256 seconds .

========================================================================
Received Import Request.
  Time since last request: 0.000168 seconds.
  path: Assets/FreeButtonSet/Textures/buttons/button_150.png
  artifactKey: Guid(cbb5f8f07e6166b4b9b2180a807d81de) Importer(815301076,1909f56bfc062723c751e8b465ee728b)
Start importing Assets/FreeButtonSet/Textures/buttons/button_150.png using Guid(cbb5f8f07e6166b4b9b2180a807d81de) Importer(815301076,1909f56bfc062723c751e8b465ee728b)  -> (artifact id: '90e4450dcfc752a2484e5953fe847ca2') in 0.009352 seconds 
  Import took 0.010788 seconds .

========================================================================
Received Import Request.
  Time since last request: 0.000171 seconds.
  path: Assets/FreeButtonSet/Textures/icons/128x128/arrow_left.png
  artifactKey: Guid(d31115fa9cb67004b96bc76f48802b9f) Importer(815301076,1909f56bfc062723c751e8b465ee728b)
Start importing Assets/FreeButtonSet/Textures/icons/128x128/arrow_left.png using Guid(d31115fa9cb67004b96bc76f48802b9f) Importer(815301076,1909f56bfc062723c751e8b465ee728b)  -> (artifact id: '3562e6da6cd285d02ef745d63c83132c') in 0.008623 seconds 
  Import took 0.009737 seconds .

========================================================================
Received Import Request.
  Time since last request: 0.000178 seconds.
  path: Assets/ManyBlockScene/Res/bg.png
  artifactKey: Guid(9ca98db69e3dc4909b52215b76ebe49b) Importer(815301076,1909f56bfc062723c751e8b465ee728b)
Start importing Assets/ManyBlockScene/Res/bg.png using Guid(9ca98db69e3dc4909b52215b76ebe49b) Importer(815301076,1909f56bfc062723c751e8b465ee728b)  -> (artifact id: '611ae3f87029cc47c3acf75c4b168c26') in 0.008027 seconds 
  Import took 0.009150 seconds .

========================================================================
Received Import Request.
  Time since last request: 0.000216 seconds.
  path: Assets/FreeButtonSet/Textures/buttons/button_200.png
  artifactKey: Guid(c5674c6305843a046beddbb645e3259c) Importer(815301076,1909f56bfc062723c751e8b465ee728b)
Start importing Assets/FreeButtonSet/Textures/buttons/button_200.png using Guid(c5674c6305843a046beddbb645e3259c) Importer(815301076,1909f56bfc062723c751e8b465ee728b)  -> (artifact id: '86dde86a919bd0b8217cd945b9f7fa94') in 0.023099 seconds 
  Import took 0.024356 seconds .

========================================================================
Received Import Request.
  Time since last request: 0.000225 seconds.
  path: Assets/Fantasy Wooden GUI  Free/normal_ui_set A/Close Button.png
  artifactKey: Guid(11277a3f23988ec47908362d708edaa8) Importer(815301076,1909f56bfc062723c751e8b465ee728b)
Start importing Assets/Fantasy Wooden GUI  Free/normal_ui_set A/Close Button.png using Guid(11277a3f23988ec47908362d708edaa8) Importer(815301076,1909f56bfc062723c751e8b465ee728b)  -> (artifact id: '1aa758a5df76b5b90514382e5b32773c') in 0.008016 seconds 
  Import took 0.009122 seconds .

========================================================================
Received Import Request.
  Time since last request: 0.000176 seconds.
  path: Assets/FreeButtonSet/Textures/buttons/button_round_320.png
  artifactKey: Guid(ed53cef80c26e89409c8c93941be088c) Importer(815301076,1909f56bfc062723c751e8b465ee728b)
Start importing Assets/FreeButtonSet/Textures/buttons/button_round_320.png using Guid(ed53cef80c26e89409c8c93941be088c) Importer(815301076,1909f56bfc062723c751e8b465ee728b)  -> (artifact id: '47f9ef12768bea37968d6e97f6d1c591') in 0.022163 seconds 
  Import took 0.023289 seconds .

========================================================================
Received Import Request.
  Time since last request: 0.000165 seconds.
  path: Assets/Common/Res/DownLoad.png
  artifactKey: Guid(a1b4e2feba5b64d7585023ee1deec324) Importer(815301076,1909f56bfc062723c751e8b465ee728b)
Start importing Assets/Common/Res/DownLoad.png using Guid(a1b4e2feba5b64d7585023ee1deec324) Importer(815301076,1909f56bfc062723c751e8b465ee728b)  -> (artifact id: 'e7d5d9eb716b58c3c216675a39d560b2') in 0.024742 seconds 
  Import took 0.025974 seconds .

========================================================================
Received Import Request.
  Time since last request: 0.000162 seconds.
  path: Assets/FreeButtonSet/Textures/buttons/button_round_220.png
  artifactKey: Guid(9e8274c61673b8a458365832576005b4) Importer(815301076,1909f56bfc062723c751e8b465ee728b)
Start importing Assets/FreeButtonSet/Textures/buttons/button_round_220.png using Guid(9e8274c61673b8a458365832576005b4) Importer(815301076,1909f56bfc062723c751e8b465ee728b)  -> (artifact id: '42d478d2dd6dbbcdd95596f094c8417d') in 0.023466 seconds 
  Import took 0.024548 seconds .

========================================================================
Received Import Request.
  Time since last request: 0.000161 seconds.
  path: Assets/FreeButtonSet/Textures/controls/cross.png
  artifactKey: Guid(23ada367fb6f84049a2caff0e27e729d) Importer(815301076,1909f56bfc062723c751e8b465ee728b)
Start importing Assets/FreeButtonSet/Textures/controls/cross.png using Guid(23ada367fb6f84049a2caff0e27e729d) Importer(815301076,1909f56bfc062723c751e8b465ee728b)  -> (artifact id: 'd7c8cd7a09ff9156375fcedeff975073') in 0.025407 seconds 
  Import took 0.026527 seconds .

========================================================================
Received Import Request.
  Time since last request: 0.000262 seconds.
  path: Assets/Fantasy Wooden GUI  Free/normal_ui_set A/Exclamation_Red.png
  artifactKey: Guid(e9d4143c19529834981ac6821a04aecd) Importer(815301076,1909f56bfc062723c751e8b465ee728b)
Start importing Assets/Fantasy Wooden GUI  Free/normal_ui_set A/Exclamation_Red.png using Guid(e9d4143c19529834981ac6821a04aecd) Importer(815301076,1909f56bfc062723c751e8b465ee728b)  -> (artifact id: '8086d059e82e98007fd2a8cd7fefec15') in 0.022492 seconds 
  Import took 0.023565 seconds .

========================================================================
Received Import Request.
  Time since last request: 0.000172 seconds.
  path: Assets/FreeButtonSet/Textures/controls/cross_02.png
  artifactKey: Guid(3e07fb988be0211469ff5f55f7e8f111) Importer(815301076,1909f56bfc062723c751e8b465ee728b)
Start importing Assets/FreeButtonSet/Textures/controls/cross_02.png using Guid(3e07fb988be0211469ff5f55f7e8f111) Importer(815301076,1909f56bfc062723c751e8b465ee728b)  -> (artifact id: '07caa7604a6a3204c44f26dca900e3fc') in 0.008663 seconds 
  Import took 0.009798 seconds .

========================================================================
Received Import Request.
  Time since last request: 0.000146 seconds.
  path: Assets/FreeButtonSet/Textures/controls/cross_04.png
  artifactKey: Guid(0b723a187b246ad44ad90b0600b1e98e) Importer(815301076,1909f56bfc062723c751e8b465ee728b)
Start importing Assets/FreeButtonSet/Textures/controls/cross_04.png using Guid(0b723a187b246ad44ad90b0600b1e98e) Importer(815301076,1909f56bfc062723c751e8b465ee728b)  -> (artifact id: '2b9389ed28f407d94ce6348d93342fe2') in 0.025171 seconds 
  Import took 0.026215 seconds .

========================================================================
Received Import Request.
  Time since last request: 0.000170 seconds.
  path: Assets/Plugins/Demigiant/DOTween/Editor/Imgs/DOTweenIcon.png
  artifactKey: Guid(8da095e39e9b4df488dfd436f81116d6) Importer(815301076,1909f56bfc062723c751e8b465ee728b)
Start importing Assets/Plugins/Demigiant/DOTween/Editor/Imgs/DOTweenIcon.png using Guid(8da095e39e9b4df488dfd436f81116d6) Importer(815301076,1909f56bfc062723c751e8b465ee728b)  -> (artifact id: '51bb14d878531a925d09c769c8bf6fc8') in 0.019384 seconds 
  Import took 0.020433 seconds .

========================================================================
Received Import Request.
  Time since last request: 0.000172 seconds.
  path: Assets/Fantasy Wooden GUI  Free/normal_ui_set A/Exclamation_Gray.png
  artifactKey: Guid(f73f68fe6815f5548a6c2a61b9e49add) Importer(815301076,1909f56bfc062723c751e8b465ee728b)
Start importing Assets/Fantasy Wooden GUI  Free/normal_ui_set A/Exclamation_Gray.png using Guid(f73f68fe6815f5548a6c2a61b9e49add) Importer(815301076,1909f56bfc062723c751e8b465ee728b)  -> (artifact id: '89351b5af9830038c5741a830ef3feb6') in 0.023285 seconds 
  Import took 0.024488 seconds .

========================================================================
Received Import Request.
  Time since last request: 0.000186 seconds.
  path: Assets/FreeButtonSet/Textures/icons/128x128/arrow_right.png
  artifactKey: Guid(01d7b388e7827ca45a56bd1b632ffde1) Importer(815301076,1909f56bfc062723c751e8b465ee728b)
Start importing Assets/FreeButtonSet/Textures/icons/128x128/arrow_right.png using Guid(01d7b388e7827ca45a56bd1b632ffde1) Importer(815301076,1909f56bfc062723c751e8b465ee728b)  -> (artifact id: 'f692b43a759c248b49e93a89038bf0f3') in 0.022908 seconds 
  Import took 0.024637 seconds .

========================================================================
Received Import Request.
  Time since last request: 0.000223 seconds.
  path: Assets/Fantasy Wooden GUI  Free/normal_ui_set A/Division line.png
  artifactKey: Guid(b7d245916891cca47a0144e12a82e086) Importer(815301076,1909f56bfc062723c751e8b465ee728b)
Start importing Assets/Fantasy Wooden GUI  Free/normal_ui_set A/Division line.png using Guid(b7d245916891cca47a0144e12a82e086) Importer(815301076,1909f56bfc062723c751e8b465ee728b)  -> (artifact id: '82975cd4a86a97210a27359a009df0fa') in 0.008331 seconds 
  Import took 0.009635 seconds .

========================================================================
Received Import Request.
  Time since last request: 0.000153 seconds.
  path: Assets/FreeButtonSet/Textures/buttons/button_round_400.png
  artifactKey: Guid(60c4dbe9e87500a4480a6214bdc5cc87) Importer(815301076,1909f56bfc062723c751e8b465ee728b)
Start importing Assets/FreeButtonSet/Textures/buttons/button_round_400.png using Guid(60c4dbe9e87500a4480a6214bdc5cc87) Importer(815301076,1909f56bfc062723c751e8b465ee728b)  -> (artifact id: '9d807958720dc001191a8131043db133') in 0.023843 seconds 
  Import took 0.024932 seconds .

========================================================================
Received Import Request.
  Time since last request: 0.000153 seconds.
  path: Assets/FreeButtonSet/Textures/controls/cross_03.png
  artifactKey: Guid(30d0c1f6e89bd9a4cb44dc43c24aab8c) Importer(815301076,1909f56bfc062723c751e8b465ee728b)
Start importing Assets/FreeButtonSet/Textures/controls/cross_03.png using Guid(30d0c1f6e89bd9a4cb44dc43c24aab8c) Importer(815301076,1909f56bfc062723c751e8b465ee728b)  -> (artifact id: 'b5558330194c009b94e3cf500a70d80c') in 0.020797 seconds 
  Import took 0.021949 seconds .

========================================================================
Received Import Request.
  Time since last request: 0.000212 seconds.
  path: Assets/FreeButtonSet/Textures/buttons/button_round_130.png
  artifactKey: Guid(0dcdf5b7debd4ba4492217e4975c965e) Importer(815301076,1909f56bfc062723c751e8b465ee728b)
Start importing Assets/FreeButtonSet/Textures/buttons/button_round_130.png using Guid(0dcdf5b7debd4ba4492217e4975c965e) Importer(815301076,1909f56bfc062723c751e8b465ee728b)  -> (artifact id: 'ca57f146cafaa7ece0df846e4bdf45b8') in 0.024600 seconds 
  Import took 0.025847 seconds .

========================================================================
Received Import Request.
  Time since last request: 0.000166 seconds.
  path: Assets/FreeButtonSet/background.png
  artifactKey: Guid(a093780a76b8e8c4c8b121e123d21a82) Importer(815301076,1909f56bfc062723c751e8b465ee728b)
Start importing Assets/FreeButtonSet/background.png using Guid(a093780a76b8e8c4c8b121e123d21a82) Importer(815301076,1909f56bfc062723c751e8b465ee728b)  -> (artifact id: '6f0b80550a3e87aa5fe5315142fdd946') in 0.031025 seconds 
  Import took 0.032096 seconds .

========================================================================
Received Import Request.
  Time since last request: 0.000160 seconds.
  path: Assets/FreeButtonSet/Textures/icons/128x128/checkmark.png
  artifactKey: Guid(874b343cf51efe745b644be33893b09a) Importer(815301076,1909f56bfc062723c751e8b465ee728b)
Start importing Assets/FreeButtonSet/Textures/icons/128x128/checkmark.png using Guid(874b343cf51efe745b644be33893b09a) Importer(815301076,1909f56bfc062723c751e8b465ee728b)  -> (artifact id: 'df05ee1b4e2e275dcad5a0a39076bf08') in 0.020868 seconds 
  Import took 0.021929 seconds .

========================================================================
Received Import Request.
  Time since last request: 0.020086 seconds.
  path: Assets/Fantasy Wooden GUI  Free/normal_ui_set A/Exclamation_Yellow.png
  artifactKey: Guid(f26fa8880b3aeef4b8516c82dc12f2a5) Importer(815301076,1909f56bfc062723c751e8b465ee728b)
Start importing Assets/Fantasy Wooden GUI  Free/normal_ui_set A/Exclamation_Yellow.png using Guid(f26fa8880b3aeef4b8516c82dc12f2a5) Importer(815301076,1909f56bfc062723c751e8b465ee728b)  -> (artifact id: '3b0061e5573b103308f7fee1d98add25') in 0.006983 seconds 
  Import took 0.008135 seconds .

========================================================================
Received Import Request.
  Time since last request: 0.016194 seconds.
  path: Assets/FreeButtonSet/Fonts/Poppins-Bold.ttf
  artifactKey: Guid(f4c99a340a6e6504aa6e992b7a253612) Importer(815301076,1909f56bfc062723c751e8b465ee728b)
Start importing Assets/FreeButtonSet/Fonts/Poppins-Bold.ttf using Guid(f4c99a340a6e6504aa6e992b7a253612) Importer(815301076,1909f56bfc062723c751e8b465ee728b)  -> (artifact id: '62a4c0388e880297ad7b4c00540c45c3') in 0.313695 seconds 
  Import took 0.314884 seconds .

========================================================================
Received Import Request.
  Time since last request: 0.003762 seconds.
  path: Assets/Plugins/Demigiant/DOTween/Editor/Imgs/Header.jpg
  artifactKey: Guid(78a59ca99f8987941adb61f9e14a06a7) Importer(815301076,1909f56bfc062723c751e8b465ee728b)
Start importing Assets/Plugins/Demigiant/DOTween/Editor/Imgs/Header.jpg using Guid(78a59ca99f8987941adb61f9e14a06a7) Importer(815301076,1909f56bfc062723c751e8b465ee728b)  -> (artifact id: '81da1b130e5d221b2e2f82fbdad8b183') in 0.280386 seconds 
  Import took 0.281853 seconds .

========================================================================
Received Import Request.
  Time since last request: 0.003711 seconds.
  path: Assets/Common/Res/hand.png
  artifactKey: Guid(5fbaec41ed6ea41328aa0488793b26c7) Importer(815301076,1909f56bfc062723c751e8b465ee728b)
Start importing Assets/Common/Res/hand.png using Guid(5fbaec41ed6ea41328aa0488793b26c7) Importer(815301076,1909f56bfc062723c751e8b465ee728b)  -> (artifact id: 'fb28f48e6b09eadcb28f54aa7df40231') in 0.006698 seconds 
  Import took 0.007853 seconds .

========================================================================
Received Import Request.
  Time since last request: 0.000163 seconds.
  path: Assets/Plugins/Demigiant/DOTween/Editor/Imgs/Footer.png
  artifactKey: Guid(7051dba417b3d53409f2918f1ea4938d) Importer(815301076,1909f56bfc062723c751e8b465ee728b)
Start importing Assets/Plugins/Demigiant/DOTween/Editor/Imgs/Footer.png using Guid(7051dba417b3d53409f2918f1ea4938d) Importer(815301076,1909f56bfc062723c751e8b465ee728b)  -> (artifact id: '5a18a7d1a9634df0fafb79394bc5c196') in 0.004993 seconds 
  Import took 0.006085 seconds .

========================================================================
Received Import Request.
  Time since last request: 0.000175 seconds.
  path: Assets/FreeButtonSet/Textures/icons/128x128/info.png
  artifactKey: Guid(ff8b06e19a717d14d9ff2546436de761) Importer(815301076,1909f56bfc062723c751e8b465ee728b)
Start importing Assets/FreeButtonSet/Textures/icons/128x128/info.png using Guid(ff8b06e19a717d14d9ff2546436de761) Importer(815301076,1909f56bfc062723c751e8b465ee728b)  -> (artifact id: '4b3134e1096c82fd1be5cf8c6a209123') in 0.007869 seconds 
  Import took 0.009315 seconds .

========================================================================
Received Import Request.
  Time since last request: 0.000168 seconds.
  path: Assets/Fantasy Wooden GUI  Free/normal_ui_set A/IRONY TITLE  empty.png
  artifactKey: Guid(4d6a99baee23b654f9e4bb672ae0b438) Importer(815301076,1909f56bfc062723c751e8b465ee728b)
Start importing Assets/Fantasy Wooden GUI  Free/normal_ui_set A/IRONY TITLE  empty.png using Guid(4d6a99baee23b654f9e4bb672ae0b438) Importer(815301076,1909f56bfc062723c751e8b465ee728b)  -> (artifact id: '7357632c7cd6a97c8574a6887c52c349') in 0.009399 seconds 
  Import took 0.010536 seconds .

========================================================================
Received Import Request.
  Time since last request: 0.000167 seconds.
  path: Assets/Common/Res/master-logo.png
  artifactKey: Guid(b83a66c5a437c47acaaacba8035d4db4) Importer(815301076,1909f56bfc062723c751e8b465ee728b)
Start importing Assets/Common/Res/master-logo.png using Guid(b83a66c5a437c47acaaacba8035d4db4) Importer(815301076,1909f56bfc062723c751e8b465ee728b)  -> (artifact id: 'a6cb623e84ce289e7eb68c989b5580fb') in 0.009013 seconds 
  Import took 0.010437 seconds .

========================================================================
Received Import Request.
  Time since last request: 0.000209 seconds.
  path: Assets/Plugins/Demigiant/DOTween/Editor/Imgs/Footer_dark.png
  artifactKey: Guid(519694efe2bb2914788b151fbd8c01f4) Importer(815301076,1909f56bfc062723c751e8b465ee728b)
Start importing Assets/Plugins/Demigiant/DOTween/Editor/Imgs/Footer_dark.png using Guid(519694efe2bb2914788b151fbd8c01f4) Importer(815301076,1909f56bfc062723c751e8b465ee728b)  -> (artifact id: 'c1c82b21514a08cdcde35ab39b90a934') in 0.004059 seconds 
  Import took 0.005189 seconds .

========================================================================
Received Import Request.
  Time since last request: 0.000166 seconds.
  path: Assets/ManyBlockScene/Resources/eff/Glow1.png
  artifactKey: Guid(d2d44fd888ec744d5bfbdff7bedc9343) Importer(815301076,1909f56bfc062723c751e8b465ee728b)
Start importing Assets/ManyBlockScene/Resources/eff/Glow1.png using Guid(d2d44fd888ec744d5bfbdff7bedc9343) Importer(815301076,1909f56bfc062723c751e8b465ee728b)  -> (artifact id: '9a0f9125889e1523c223cf43b84779a9') in 0.008979 seconds 
  Import took 0.010059 seconds .

========================================================================
Received Import Request.
  Time since last request: 0.000156 seconds.
  path: Assets/Fantasy Wooden GUI  Free/normal_ui_set A/notice.png
  artifactKey: Guid(86adaa715d8969e48975ca3343ddaedd) Importer(815301076,1909f56bfc062723c751e8b465ee728b)
Start importing Assets/Fantasy Wooden GUI  Free/normal_ui_set A/notice.png using Guid(86adaa715d8969e48975ca3343ddaedd) Importer(815301076,1909f56bfc062723c751e8b465ee728b)  -> (artifact id: '6ba6af776ec3c3cee10d81432f81569f') in 0.009812 seconds 
  Import took 0.011373 seconds .

========================================================================
Received Import Request.
  Time since last request: 0.000164 seconds.
  path: Assets/FreeButtonSet/Textures/icons/128x128/message.png
  artifactKey: Guid(bddaa0bb0da741940878ee1c42248a60) Importer(815301076,1909f56bfc062723c751e8b465ee728b)
Start importing Assets/FreeButtonSet/Textures/icons/128x128/message.png using Guid(bddaa0bb0da741940878ee1c42248a60) Importer(815301076,1909f56bfc062723c751e8b465ee728b)  -> (artifact id: 'cc4781fbbd1b8f342bfa3f0d0af9edb2') in 0.007660 seconds 
  Import took 0.008769 seconds .

========================================================================
Received Import Request.
  Time since last request: 0.000165 seconds.
  path: Assets/FreeButtonSet/Textures/icons/128x128/minus.png
  artifactKey: Guid(120af17437d75844d8f6be3a85cdeb1c) Importer(815301076,1909f56bfc062723c751e8b465ee728b)
Start importing Assets/FreeButtonSet/Textures/icons/128x128/minus.png using Guid(120af17437d75844d8f6be3a85cdeb1c) Importer(815301076,1909f56bfc062723c751e8b465ee728b)  -> (artifact id: '669d6f38b4cf83fd318ee4cebe19b983') in 0.009442 seconds 
  Import took 0.010715 seconds .

========================================================================
Received Import Request.
  Time since last request: 0.000172 seconds.
  path: Assets/FreeButtonSet/Textures/icons/128x128/heart.png
  artifactKey: Guid(6d9f5fb6855ea5f45abfe0b211851ed2) Importer(815301076,1909f56bfc062723c751e8b465ee728b)
Start importing Assets/FreeButtonSet/Textures/icons/128x128/heart.png using Guid(6d9f5fb6855ea5f45abfe0b211851ed2) Importer(815301076,1909f56bfc062723c751e8b465ee728b)  -> (artifact id: '1882912ba146c446e769b81c5fbb7e79') in 0.009228 seconds 
  Import took 0.010361 seconds .

========================================================================
Received Import Request.
  Time since last request: 0.000178 seconds.
  path: Assets/ManyBlockScene/Res/groove.png
  artifactKey: Guid(3d98491c455e94b2281b68ab12f0b3b1) Importer(815301076,1909f56bfc062723c751e8b465ee728b)
Start importing Assets/ManyBlockScene/Res/groove.png using Guid(3d98491c455e94b2281b68ab12f0b3b1) Importer(815301076,1909f56bfc062723c751e8b465ee728b)  -> (artifact id: '06fe37e3255b134d568957c71cfc8768') in 0.009982 seconds 
  Import took 0.011031 seconds .

========================================================================
Received Import Request.
  Time since last request: 0.000165 seconds.
  path: Assets/FreeButtonSet/Textures/icons/128x128/help.png
  artifactKey: Guid(ee454173d02e05a4f8c74cc6e92fa5ee) Importer(815301076,1909f56bfc062723c751e8b465ee728b)
Start importing Assets/FreeButtonSet/Textures/icons/128x128/help.png using Guid(ee454173d02e05a4f8c74cc6e92fa5ee) Importer(815301076,1909f56bfc062723c751e8b465ee728b)  -> (artifact id: '410c82e37c265c41ea0071c9ec565308') in 0.007146 seconds 
  Import took 0.008393 seconds .

========================================================================
Received Import Request.
  Time since last request: 0.000283 seconds.
  path: Assets/FreeButtonSet/Textures/icons/128x128/plus.png
  artifactKey: Guid(c1d5c0c9c2ed348448cf389548c36f28) Importer(815301076,1909f56bfc062723c751e8b465ee728b)
Start importing Assets/FreeButtonSet/Textures/icons/128x128/plus.png using Guid(c1d5c0c9c2ed348448cf389548c36f28) Importer(815301076,1909f56bfc062723c751e8b465ee728b)  -> (artifact id: '3d1fe31b3e43f9b47f9164be43dd0b74') in 0.008220 seconds 
  Import took 0.009463 seconds .

========================================================================
Received Import Request.
  Time since last request: 0.000244 seconds.
  path: Assets/FreeButtonSet/Textures/icons/128x128/menu.png
  artifactKey: Guid(ec694ac45cee4c34a93f4caf3ab4f155) Importer(815301076,1909f56bfc062723c751e8b465ee728b)
Start importing Assets/FreeButtonSet/Textures/icons/128x128/menu.png using Guid(ec694ac45cee4c34a93f4caf3ab4f155) Importer(815301076,1909f56bfc062723c751e8b465ee728b)  -> (artifact id: '3e6e33a585d3122bffbbe3029768ce53') in 0.010098 seconds 
  Import took 0.011330 seconds .

========================================================================
Received Import Request.
  Time since last request: 0.000164 seconds.
  path: Assets/ManyBlockScene/Resources/eff/prop1.png
  artifactKey: Guid(f8f2813ae19b14b0e9cb40222e13b3af) Importer(815301076,1909f56bfc062723c751e8b465ee728b)
Start importing Assets/ManyBlockScene/Resources/eff/prop1.png using Guid(f8f2813ae19b14b0e9cb40222e13b3af) Importer(815301076,1909f56bfc062723c751e8b465ee728b)  -> (artifact id: '6186ac31f912cb2664afa10ddf8199e2') in 0.008818 seconds 
  Import took 0.009872 seconds .

========================================================================
Received Import Request.
  Time since last request: 0.000155 seconds.
  path: Assets/Fantasy Wooden GUI  Free/normal_ui_set A/IRONY TITLE  Large.png
  artifactKey: Guid(054411784c3fdf74d9db120b4a792a71) Importer(815301076,1909f56bfc062723c751e8b465ee728b)
Start importing Assets/Fantasy Wooden GUI  Free/normal_ui_set A/IRONY TITLE  Large.png using Guid(054411784c3fdf74d9db120b4a792a71) Importer(815301076,1909f56bfc062723c751e8b465ee728b)  -> (artifact id: 'dbdc178f47651d8bee9f4517bd15c49a') in 0.006517 seconds 
  Import took 0.007778 seconds .

========================================================================
Received Import Request.
  Time since last request: 0.000188 seconds.
  path: Assets/FreeButtonSet/Textures/icons/128x128/play.png
  artifactKey: Guid(adf19f966e0379040bb823cbe5375f3f) Importer(815301076,1909f56bfc062723c751e8b465ee728b)
Start importing Assets/FreeButtonSet/Textures/icons/128x128/play.png using Guid(adf19f966e0379040bb823cbe5375f3f) Importer(815301076,1909f56bfc062723c751e8b465ee728b)  -> (artifact id: 'f578877680d6a7adce07051584c14786') in 0.009405 seconds 
  Import took 0.010571 seconds .

========================================================================
Received Import Request.
  Time since last request: 0.000177 seconds.
  path: Assets/FreeButtonSet/Textures/icons/128x128/pause.png
  artifactKey: Guid(b148167244e305a42b332c5e3103a0f3) Importer(815301076,1909f56bfc062723c751e8b465ee728b)
Start importing Assets/FreeButtonSet/Textures/icons/128x128/pause.png using Guid(b148167244e305a42b332c5e3103a0f3) Importer(815301076,1909f56bfc062723c751e8b465ee728b)  -> (artifact id: '3e6e97f55eae2794b07dbe76900a36b4') in 0.009094 seconds 
  Import took 0.010212 seconds .

========================================================================
Received Import Request.
  Time since last request: 0.232048 seconds.
  path: Assets/FreeButtonSet/Textures/controls/radio.png
  artifactKey: Guid(86e22cb95296c5a4c8def60eb36ea233) Importer(815301076,1909f56bfc062723c751e8b465ee728b)
Start importing Assets/FreeButtonSet/Textures/controls/radio.png using Guid(86e22cb95296c5a4c8def60eb36ea233) Importer(815301076,1909f56bfc062723c751e8b465ee728b)  -> (artifact id: 'ca170c345f23178ce629435d9cb8d72c') in 0.005993 seconds 
  Import took 0.007200 seconds .

========================================================================
Received Import Request.
  Time since last request: 0.000401 seconds.
  path: Assets/FreeButtonSet/Textures/icons/128x128/settings.png
  artifactKey: Guid(19b2b02a9feef8b4fa2f431692a804b5) Importer(815301076,1909f56bfc062723c751e8b465ee728b)
Start importing Assets/FreeButtonSet/Textures/icons/128x128/settings.png using Guid(19b2b02a9feef8b4fa2f431692a804b5) Importer(815301076,1909f56bfc062723c751e8b465ee728b)  -> (artifact id: '4b9deb3f5188dc0e88dac233c7be81c4') in 0.008549 seconds 
  Import took 0.010045 seconds .

========================================================================
Received Import Request.
  Time since last request: 0.000483 seconds.
  path: Assets/FreeButtonSet/Textures/icons/128x128/repeat.png
  artifactKey: Guid(0ac274da743a5ab49a17c782a85c7f2d) Importer(815301076,1909f56bfc062723c751e8b465ee728b)
Start importing Assets/FreeButtonSet/Textures/icons/128x128/repeat.png using Guid(0ac274da743a5ab49a17c782a85c7f2d) Importer(815301076,1909f56bfc062723c751e8b465ee728b)  -> (artifact id: 'f7730321994f2500bf631da87d41fc44') in 0.011727 seconds 
  Import took 0.013270 seconds .

========================================================================
Received Import Request.
  Time since last request: 0.000753 seconds.
  path: Assets/FreeButtonSet/Textures/controls/radio_100.png
  artifactKey: Guid(6dc228d444644bf4aaa19d2692169a6f) Importer(815301076,1909f56bfc062723c751e8b465ee728b)
Start importing Assets/FreeButtonSet/Textures/controls/radio_100.png using Guid(6dc228d444644bf4aaa19d2692169a6f) Importer(815301076,1909f56bfc062723c751e8b465ee728b)  -> (artifact id: '87deba9f2656e13507ef7d1ee27265c7') in 0.024413 seconds 
  Import took 0.027197 seconds .

========================================================================
Received Import Request.
  Time since last request: 0.000375 seconds.
  path: Assets/ManyBlockScene/Resources/eff/ring-seq1.png
  artifactKey: Guid(b940273944034447aba6d3870d365f27) Importer(815301076,1909f56bfc062723c751e8b465ee728b)
Start importing Assets/ManyBlockScene/Resources/eff/ring-seq1.png using Guid(b940273944034447aba6d3870d365f27) Importer(815301076,1909f56bfc062723c751e8b465ee728b)  -> (artifact id: '28e3b908e6cc38ba410061dda2159c02') in 0.018127 seconds 
  Import took 0.019232 seconds .

========================================================================
Received Import Request.
  Time since last request: 0.000213 seconds.
  path: Assets/FreeButtonSet/Textures/controls/radio_60.png
  artifactKey: Guid(15c761738c04fb84f94247a1a932296d) Importer(815301076,1909f56bfc062723c751e8b465ee728b)
Start importing Assets/FreeButtonSet/Textures/controls/radio_60.png using Guid(15c761738c04fb84f94247a1a932296d) Importer(815301076,1909f56bfc062723c751e8b465ee728b)  -> (artifact id: '4b9ca13b71342d37d0088f98851f98e0') in 0.007106 seconds 
  Import took 0.008600 seconds .

========================================================================
Received Import Request.
  Time since last request: 0.000167 seconds.
  path: Assets/ManyBlockScene/Resources/eff/ring_34.png
  artifactKey: Guid(79cd4a30602b840e1b9bb38ea914a325) Importer(815301076,1909f56bfc062723c751e8b465ee728b)
Start importing Assets/ManyBlockScene/Resources/eff/ring_34.png using Guid(79cd4a30602b840e1b9bb38ea914a325) Importer(815301076,1909f56bfc062723c751e8b465ee728b)  -> (artifact id: '659c9f84b450cc4cd7cc82d2e1929ea7') in 0.005391 seconds 
  Import took 0.006781 seconds .

========================================================================
Received Import Request.
  Time since last request: 0.000163 seconds.
  path: Assets/FreeButtonSet/Textures/controls/radio_200.png
  artifactKey: Guid(6a4c582ed02cf4e40954a044796d37ac) Importer(815301076,1909f56bfc062723c751e8b465ee728b)
Start importing Assets/FreeButtonSet/Textures/controls/radio_200.png using Guid(6a4c582ed02cf4e40954a044796d37ac) Importer(815301076,1909f56bfc062723c751e8b465ee728b)  -> (artifact id: 'b2b265a99517af94eafc6c01674f654d') in 0.007271 seconds 
  Import took 0.008527 seconds .

========================================================================
Received Import Request.
  Time since last request: 2.302945 seconds.
  path: Assets/FreeButtonSet/Textures/icons/128x128/share.png
  artifactKey: Guid(0c3c788016f06db4fa4c39433fe3af6c) Importer(815301076,1909f56bfc062723c751e8b465ee728b)
Start importing Assets/FreeButtonSet/Textures/icons/128x128/share.png using Guid(0c3c788016f06db4fa4c39433fe3af6c) Importer(815301076,1909f56bfc062723c751e8b465ee728b)  -> (artifact id: '15f9cd0038cd53cc9364323de872f43e') in 0.007304 seconds 
  Import took 0.008449 seconds .

========================================================================
Received Import Request.
  Time since last request: 0.000164 seconds.
  path: Assets/Fantasy Wooden GUI  Free/normal_ui_set A/TextBTN_Big.png
  artifactKey: Guid(2be7b70e984b51444aca9c12ae4723a7) Importer(815301076,1909f56bfc062723c751e8b465ee728b)
Start importing Assets/Fantasy Wooden GUI  Free/normal_ui_set A/TextBTN_Big.png using Guid(2be7b70e984b51444aca9c12ae4723a7) Importer(815301076,1909f56bfc062723c751e8b465ee728b)  -> (artifact id: 'aa8772c42fc9a0a626bc72f18ab63fde') in 0.006256 seconds 
  Import took 0.007332 seconds .

========================================================================
Received Import Request.
  Time since last request: 0.000148 seconds.
  path: Assets/FreeButtonSet/Textures/controls/slider_handle.png
  artifactKey: Guid(7bb453e60457740498a4615f241fd210) Importer(815301076,1909f56bfc062723c751e8b465ee728b)
Start importing Assets/FreeButtonSet/Textures/controls/slider_handle.png using Guid(7bb453e60457740498a4615f241fd210) Importer(815301076,1909f56bfc062723c751e8b465ee728b)  -> (artifact id: '1677e51b83fa016b83cc8db6cb043c88') in 0.006849 seconds 
  Import took 0.007898 seconds .

========================================================================
Received Import Request.
  Time since last request: 0.000154 seconds.
  path: Assets/Thaleah_PixelFont/Materials/ThaleahFat.png
  artifactKey: Guid(0ac691dd25a276d468ee89cf1948229d) Importer(815301076,1909f56bfc062723c751e8b465ee728b)
Start importing Assets/Thaleah_PixelFont/Materials/ThaleahFat.png using Guid(0ac691dd25a276d468ee89cf1948229d) Importer(815301076,1909f56bfc062723c751e8b465ee728b)  -> (artifact id: 'b36134e115f898ec51f9a31239565b63') in 0.004918 seconds 
  Import took 0.006041 seconds .

========================================================================
Received Import Request.
  Time since last request: 0.000167 seconds.
  path: Assets/Fantasy Wooden GUI  Free/normal_ui_set A/TextBTN_Cancel_Pressed.png
  artifactKey: Guid(9494e936ef153d148aaddfa6db5fb773) Importer(815301076,1909f56bfc062723c751e8b465ee728b)
Start importing Assets/Fantasy Wooden GUI  Free/normal_ui_set A/TextBTN_Cancel_Pressed.png using Guid(9494e936ef153d148aaddfa6db5fb773) Importer(815301076,1909f56bfc062723c751e8b465ee728b)  -> (artifact id: '4b950f3e4783300b7e4ae7c4045558d4') in 0.008811 seconds 
  Import took 0.009912 seconds .

========================================================================
Received Import Request.
  Time since last request: 0.000156 seconds.
  path: Assets/Thaleah_PixelFont/Materials/Thaleah_DemoBackground.png
  artifactKey: Guid(b324a4685d480b346b084e8a5dbacbde) Importer(815301076,1909f56bfc062723c751e8b465ee728b)
Start importing Assets/Thaleah_PixelFont/Materials/Thaleah_DemoBackground.png using Guid(b324a4685d480b346b084e8a5dbacbde) Importer(815301076,1909f56bfc062723c751e8b465ee728b)  -> (artifact id: '073d56062f58d7df26e83a084c3ba8f6') in 0.008497 seconds 
  Import took 0.009657 seconds .

========================================================================
Received Import Request.
  Time since last request: 0.000158 seconds.
  path: Assets/Fantasy Wooden GUI  Free/normal_ui_set A/TextBTN_Medium_Pressed.png
  artifactKey: Guid(047b929beb10565479851d39b452dfb6) Importer(815301076,1909f56bfc062723c751e8b465ee728b)
Start importing Assets/Fantasy Wooden GUI  Free/normal_ui_set A/TextBTN_Medium_Pressed.png using Guid(047b929beb10565479851d39b452dfb6) Importer(815301076,1909f56bfc062723c751e8b465ee728b)  -> (artifact id: 'd770636418dc7ee95d6ce21d857467fa') in 0.008139 seconds 
  Import took 0.009415 seconds .

========================================================================
Received Import Request.
  Time since last request: 0.000193 seconds.
  path: Assets/Fantasy Wooden GUI  Free/normal_ui_set A/TextBTN_New-Start.png
  artifactKey: Guid(ca45d178d188e034aa96a68aceeef41b) Importer(815301076,1909f56bfc062723c751e8b465ee728b)
Start importing Assets/Fantasy Wooden GUI  Free/normal_ui_set A/TextBTN_New-Start.png using Guid(ca45d178d188e034aa96a68aceeef41b) Importer(815301076,1909f56bfc062723c751e8b465ee728b)  -> (artifact id: '8ca0e1b1e5ba3579f3aa717e2843f2db') in 0.008254 seconds 
  Import took 0.009642 seconds .

========================================================================
Received Import Request.
  Time since last request: 0.000220 seconds.
  path: Assets/ManyBlockScene/Res/SlotBG.png
  artifactKey: Guid(34c76223c82e44fba8893ed51a20d7ea) Importer(815301076,1909f56bfc062723c751e8b465ee728b)
Start importing Assets/ManyBlockScene/Res/SlotBG.png using Guid(34c76223c82e44fba8893ed51a20d7ea) Importer(815301076,1909f56bfc062723c751e8b465ee728b)  -> (artifact id: '577b0a581aadbbe3d6a0a1d8b0753383') in 0.009408 seconds 
  Import took 0.010568 seconds .

========================================================================
Received Import Request.
  Time since last request: 0.000204 seconds.
  path: Assets/FreeButtonSet/Textures/icons/128x128/star.png
  artifactKey: Guid(c45822dd0d148ae4c80084e497c39961) Importer(815301076,1909f56bfc062723c751e8b465ee728b)
Start importing Assets/FreeButtonSet/Textures/icons/128x128/star.png using Guid(c45822dd0d148ae4c80084e497c39961) Importer(815301076,1909f56bfc062723c751e8b465ee728b)  -> (artifact id: 'd78382918d7a5b8e3edf839d7f9b01cb') in 0.009185 seconds 
  Import took 0.010537 seconds .

========================================================================
Received Import Request.
  Time since last request: 0.000161 seconds.
  path: Assets/Fantasy Wooden GUI  Free/normal_ui_set A/TextBTN_Cancel.png
  artifactKey: Guid(480144379cc9c7d47a8e19f58b0e6ee3) Importer(815301076,1909f56bfc062723c751e8b465ee728b)
Start importing Assets/Fantasy Wooden GUI  Free/normal_ui_set A/TextBTN_Cancel.png using Guid(480144379cc9c7d47a8e19f58b0e6ee3) Importer(815301076,1909f56bfc062723c751e8b465ee728b)  -> (artifact id: 'badbca74023b346e670b614a083649ba') in 0.009179 seconds 
  Import took 0.010975 seconds .

========================================================================
Received Import Request.
  Time since last request: 0.000288 seconds.
  path: Assets/Fantasy Wooden GUI  Free/normal_ui_set A/TextBTN_Big_Pressed.png
  artifactKey: Guid(d6a1673a31851fd4395c287261da36e4) Importer(815301076,1909f56bfc062723c751e8b465ee728b)
Start importing Assets/Fantasy Wooden GUI  Free/normal_ui_set A/TextBTN_Big_Pressed.png using Guid(d6a1673a31851fd4395c287261da36e4) Importer(815301076,1909f56bfc062723c751e8b465ee728b)  -> (artifact id: '934a47471f891022e3baa4d30e79042e') in 0.007835 seconds 
  Import took 0.009511 seconds .

========================================================================
Received Import Request.
  Time since last request: 0.000178 seconds.
  path: Assets/FreeButtonSet/Textures/icons/128x128/speaker.png
  artifactKey: Guid(a8bf463d0bcbdd440b693618eccf4027) Importer(815301076,1909f56bfc062723c751e8b465ee728b)
Start importing Assets/FreeButtonSet/Textures/icons/128x128/speaker.png using Guid(a8bf463d0bcbdd440b693618eccf4027) Importer(815301076,1909f56bfc062723c751e8b465ee728b)  -> (artifact id: '8a7380b87eb963ce1dea5bac25446780') in 0.008742 seconds 
  Import took 0.010004 seconds .

========================================================================
Received Import Request.
  Time since last request: 0.000172 seconds.
  path: Assets/Fantasy Wooden GUI  Free/normal_ui_set A/TextBTN_New-Start_Pressed.png
  artifactKey: Guid(2e5f47e2f71128f4282c0a4a67288751) Importer(815301076,1909f56bfc062723c751e8b465ee728b)
Start importing Assets/Fantasy Wooden GUI  Free/normal_ui_set A/TextBTN_New-Start_Pressed.png using Guid(2e5f47e2f71128f4282c0a4a67288751) Importer(815301076,1909f56bfc062723c751e8b465ee728b)  -> (artifact id: '484e4c87079718fec60b28169dbf573d') in 0.010042 seconds 
  Import took 0.011157 seconds .

========================================================================
Received Import Request.
  Time since last request: 0.000174 seconds.
  path: Assets/Fantasy Wooden GUI  Free/normal_ui_set A/TextBTN_Medium.png
  artifactKey: Guid(efee20b64d1e73942a29ba61ce3379c3) Importer(815301076,1909f56bfc062723c751e8b465ee728b)
Start importing Assets/Fantasy Wooden GUI  Free/normal_ui_set A/TextBTN_Medium.png using Guid(efee20b64d1e73942a29ba61ce3379c3) Importer(815301076,1909f56bfc062723c751e8b465ee728b)  -> (artifact id: 'a43c671b2bdf70567ac1c791fe19b829') in 0.009094 seconds 
  Import took 0.010187 seconds .

========================================================================
Received Import Request.
  Time since last request: 0.000158 seconds.
  path: Assets/FreeButtonSet/Textures/controls/toggle_bg_50.png
  artifactKey: Guid(bd38c9e672875e046aaf4d5369356d63) Importer(815301076,1909f56bfc062723c751e8b465ee728b)
Start importing Assets/FreeButtonSet/Textures/controls/toggle_bg_50.png using Guid(bd38c9e672875e046aaf4d5369356d63) Importer(815301076,1909f56bfc062723c751e8b465ee728b)  -> (artifact id: '186a4b7a25ec30dafb4e0dadd5b39c60') in 0.005947 seconds 
  Import took 0.007055 seconds .

========================================================================
Received Import Request.
  Time since last request: 0.552672 seconds.
  path: Assets/FreeButtonSet/Textures/controls/toggle_bg_100.png
  artifactKey: Guid(aab425c33cbffa54f9b628133d2720b1) Importer(815301076,1909f56bfc062723c751e8b465ee728b)
Start importing Assets/FreeButtonSet/Textures/controls/toggle_bg_100.png using Guid(aab425c33cbffa54f9b628133d2720b1) Importer(815301076,1909f56bfc062723c751e8b465ee728b)  -> (artifact id: 'ff76b2fb5b16cf5d58b671dd36e416de') in 0.006511 seconds 
  Import took 0.007624 seconds .

========================================================================
Received Import Request.
  Time since last request: 0.000194 seconds.
  path: Assets/Fantasy Wooden GUI  Free/normal_ui_set A/UI board Large stone.png
  artifactKey: Guid(7066e0747291df44fa5c2bf93bee3a6e) Importer(815301076,1909f56bfc062723c751e8b465ee728b)
Start importing Assets/Fantasy Wooden GUI  Free/normal_ui_set A/UI board Large stone.png using Guid(7066e0747291df44fa5c2bf93bee3a6e) Importer(815301076,1909f56bfc062723c751e8b465ee728b)  -> (artifact id: '2f7230bd029df056e86f1385fb8d4906') in 0.009723 seconds 
  Import took 0.010929 seconds .

========================================================================
Received Import Request.
  Time since last request: 0.000201 seconds.
  path: Assets/FreeButtonSet/Textures/controls/toggle_bg_200.png
  artifactKey: Guid(c8dec52db7cb0f148b53038d975761ea) Importer(815301076,1909f56bfc062723c751e8b465ee728b)
Start importing Assets/FreeButtonSet/Textures/controls/toggle_bg_200.png using Guid(c8dec52db7cb0f148b53038d975761ea) Importer(815301076,1909f56bfc062723c751e8b465ee728b)  -> (artifact id: 'bc5780963b4e2c0bba2c206475d573b4') in 0.008535 seconds 
  Import took 0.009646 seconds .

========================================================================
Received Import Request.
  Time since last request: 0.000169 seconds.
  path: Assets/Fantasy Wooden GUI  Free/normal_ui_set A/UI board Medium Set.png
  artifactKey: Guid(1a5d8785d80a4ee42a2a4c8632436dc0) Importer(815301076,1909f56bfc062723c751e8b465ee728b)
Start importing Assets/Fantasy Wooden GUI  Free/normal_ui_set A/UI board Medium Set.png using Guid(1a5d8785d80a4ee42a2a4c8632436dc0) Importer(815301076,1909f56bfc062723c751e8b465ee728b)  -> (artifact id: '1e1adfccf5e59b360892b962e2372d67') in 0.012597 seconds 
  Import took 0.013721 seconds .

========================================================================
Received Import Request.
  Time since last request: 0.000182 seconds.
  path: Assets/Fantasy Wooden GUI  Free/normal_ui_set A/UI board Medium  parchment.png
  artifactKey: Guid(cf1462bc694c3c249831ad8ac5293aa2) Importer(815301076,1909f56bfc062723c751e8b465ee728b)
Start importing Assets/Fantasy Wooden GUI  Free/normal_ui_set A/UI board Medium  parchment.png using Guid(cf1462bc694c3c249831ad8ac5293aa2) Importer(815301076,1909f56bfc062723c751e8b465ee728b)  -> (artifact id: '1ee4b177a64311297182579425273ac5') in 0.009166 seconds 
  Import took 0.010298 seconds .

========================================================================
Received Import Request.
  Time since last request: 0.000167 seconds.
  path: Assets/Fantasy Wooden GUI  Free/normal_ui_set A/UI board Large  parchment.png
  artifactKey: Guid(43a7d98bd4222b64e933596512dc09ad) Importer(815301076,1909f56bfc062723c751e8b465ee728b)
Start importing Assets/Fantasy Wooden GUI  Free/normal_ui_set A/UI board Large  parchment.png using Guid(43a7d98bd4222b64e933596512dc09ad) Importer(815301076,1909f56bfc062723c751e8b465ee728b)  -> (artifact id: '30aa5d8c5e90bb02ab2e22eaf7f76192') in 0.010610 seconds 
  Import took 0.012243 seconds .

========================================================================
Received Import Request.
  Time since last request: 0.000177 seconds.
  path: Assets/Fantasy Wooden GUI  Free/normal_ui_set A/UI board Medium stone.png
  artifactKey: Guid(9a6560e5bacb40847bb1b879ede354fb) Importer(815301076,1909f56bfc062723c751e8b465ee728b)
Start importing Assets/Fantasy Wooden GUI  Free/normal_ui_set A/UI board Medium stone.png using Guid(9a6560e5bacb40847bb1b879ede354fb) Importer(815301076,1909f56bfc062723c751e8b465ee728b)  -> (artifact id: 'fdabb7c9e2d3e3e77d720f7dde67bffa') in 0.008819 seconds 
  Import took 0.010283 seconds .

========================================================================
Received Import Request.
  Time since last request: 0.000192 seconds.
  path: Assets/Fantasy Wooden GUI  Free/normal_ui_set A/UI board Large Set.png
  artifactKey: Guid(90a2dde0942123c4ebb9c4af580c5818) Importer(815301076,1909f56bfc062723c751e8b465ee728b)
Start importing Assets/Fantasy Wooden GUI  Free/normal_ui_set A/UI board Large Set.png using Guid(90a2dde0942123c4ebb9c4af580c5818) Importer(815301076,1909f56bfc062723c751e8b465ee728b)  -> (artifact id: 'a34e54febf6be6564f6deaae02532c63') in 0.009306 seconds 
  Import took 0.010796 seconds .

========================================================================
Received Import Request.
  Time since last request: 0.172082 seconds.
  path: Assets/Fantasy Wooden GUI  Free/normal_ui_set A/UI board Small  parchment.png
  artifactKey: Guid(a454050719005b444b59a84eaafba779) Importer(815301076,1909f56bfc062723c751e8b465ee728b)
Start importing Assets/Fantasy Wooden GUI  Free/normal_ui_set A/UI board Small  parchment.png using Guid(a454050719005b444b59a84eaafba779) Importer(815301076,1909f56bfc062723c751e8b465ee728b)  -> (artifact id: '43c9405e20c4e01f32fe79a6a10fa6e4') in 0.008439 seconds 
  Import took 0.009550 seconds .

========================================================================
Received Import Request.
  Time since last request: 0.000141 seconds.
  path: Assets/FreeButtonSet/Textures/controls/universal_panel_10.png
  artifactKey: Guid(3973caf801ba6864d98890213e90590b) Importer(815301076,1909f56bfc062723c751e8b465ee728b)
Start importing Assets/FreeButtonSet/Textures/controls/universal_panel_10.png using Guid(3973caf801ba6864d98890213e90590b) Importer(815301076,1909f56bfc062723c751e8b465ee728b)  -> (artifact id: 'affa84948bb9e11cce66c3e25ecce534') in 0.005636 seconds 
  Import took 0.006644 seconds .

========================================================================
Received Import Request.
  Time since last request: 0.000153 seconds.
  path: Assets/Fantasy Wooden GUI  Free/normal_ui_set A/UI board Small Set.png
  artifactKey: Guid(8eb69fafe4f719b49bb2dd1a7358aaaa) Importer(815301076,1909f56bfc062723c751e8b465ee728b)
Start importing Assets/Fantasy Wooden GUI  Free/normal_ui_set A/UI board Small Set.png using Guid(8eb69fafe4f719b49bb2dd1a7358aaaa) Importer(815301076,1909f56bfc062723c751e8b465ee728b)  -> (artifact id: '3143bc4615c64f19940e90350cefa101') in 0.007129 seconds 
  Import took 0.008158 seconds .

========================================================================
Received Import Request.
  Time since last request: 0.000160 seconds.
  path: Assets/FreeButtonSet/Textures/controls/universal_panel_40.png
  artifactKey: Guid(8174901dff2facb4583e976f866ae424) Importer(815301076,1909f56bfc062723c751e8b465ee728b)
Start importing Assets/FreeButtonSet/Textures/controls/universal_panel_40.png using Guid(8174901dff2facb4583e976f866ae424) Importer(815301076,1909f56bfc062723c751e8b465ee728b)  -> (artifact id: 'f2cb03264fd268deee3309ae80cb3245') in 0.008851 seconds 
  Import took 0.010093 seconds .

========================================================================
Received Import Request.
  Time since last request: 0.000226 seconds.
  path: Assets/FreeButtonSet/Textures/icons/128x128/x.png
  artifactKey: Guid(321dfcc1c12d7cf42b0037754b1cdf9b) Importer(815301076,1909f56bfc062723c751e8b465ee728b)
Start importing Assets/FreeButtonSet/Textures/icons/128x128/x.png using Guid(321dfcc1c12d7cf42b0037754b1cdf9b) Importer(815301076,1909f56bfc062723c751e8b465ee728b)  -> (artifact id: '330efc522a5237c99070fe7b1777daf7') in 0.008487 seconds 
  Import took 0.010430 seconds .

========================================================================
Received Import Request.
  Time since last request: 0.000343 seconds.
  path: Assets/FreeButtonSet/Textures/icons/128x128/user.png
  artifactKey: Guid(3b902f226593c084fba20ed761508616) Importer(815301076,1909f56bfc062723c751e8b465ee728b)
Start importing Assets/FreeButtonSet/Textures/icons/128x128/user.png using Guid(3b902f226593c084fba20ed761508616) Importer(815301076,1909f56bfc062723c751e8b465ee728b)  -> (artifact id: '36737863b5766abeb483c5d5124c92e7') in 0.007325 seconds 
  Import took 0.008966 seconds .

========================================================================
Received Import Request.
  Time since last request: 0.000196 seconds.
  path: Assets/FreeButtonSet/Textures/controls/universal_panel_20.png
  artifactKey: Guid(953de0a59c3f3c7498ecb7496a450d69) Importer(815301076,1909f56bfc062723c751e8b465ee728b)
Start importing Assets/FreeButtonSet/Textures/controls/universal_panel_20.png using Guid(953de0a59c3f3c7498ecb7496a450d69) Importer(815301076,1909f56bfc062723c751e8b465ee728b)  -> (artifact id: '7db366bae7052c40cc00b9b2ae0e8262') in 0.006556 seconds 
  Import took 0.008033 seconds .

========================================================================
Received Import Request.
  Time since last request: 0.000163 seconds.
  path: Assets/Fantasy Wooden GUI  Free/normal_ui_set A/UI board Small  stone.png
  artifactKey: Guid(8dd861a6e819de241bca68a36048a6bd) Importer(815301076,1909f56bfc062723c751e8b465ee728b)
Start importing Assets/Fantasy Wooden GUI  Free/normal_ui_set A/UI board Small  stone.png using Guid(8dd861a6e819de241bca68a36048a6bd) Importer(815301076,1909f56bfc062723c751e8b465ee728b)  -> (artifact id: 'f31a68dc20536f5eb23aafb9759054af') in 0.010806 seconds 
  Import took 0.012028 seconds .

========================================================================
Received Prepare
Registering precompiled user dll's ...
Registered in 0.000651 seconds.
Begin MonoManager ReloadAssembly
Native extension for OSXStandalone target not found
Refreshing native plugins compatible for Editor in 0.15 ms, found 1 plugins.
Preloading 0 native plugins for Editor in 0.00 ms.
Mono: successfully reloaded assembly
- Completed reload, in  0.882 seconds
Domain Reload Profiling:
	ReloadAssembly (883ms)
		BeginReloadAssembly (110ms)
			ExecutionOrderSort (0ms)
			DisableScriptedObjects (4ms)
			BackupInstance (0ms)
			ReleaseScriptingObjects (0ms)
			CreateAndSetChildDomain (46ms)
		EndReloadAssembly (702ms)
			LoadAssemblies (71ms)
			RebuildTransferFunctionScriptingTraits (0ms)
			SetupTypeCache (228ms)
			ReleaseScriptCaches (0ms)
			RebuildScriptCaches (51ms)
			SetupLoadedEditorAssemblies (220ms)
				LogAssemblyErrors (0ms)
				InitializePlatformSupportModulesInManaged (5ms)
				SetLoadedEditorAssemblies (1ms)
				RefreshPlugins (0ms)
				BeforeProcessingInitializeOnLoad (88ms)
				ProcessInitializeOnLoadAttributes (118ms)
				ProcessInitializeOnLoadMethodAttributes (5ms)
				AfterProcessingInitializeOnLoad (1ms)
				EditorAssembliesLoaded (0ms)
			ExecutionOrderSort2 (0ms)
			AwakeInstancesAfterBackupRestoration (8ms)
Platform modules already initialized, skipping
Switching build target platform(2) subTarget(0) extendedPlatform(0) -> platform(13) subTarget(537395200) extendedPlatform(0)
Refreshing native plugins compatible for Editor in 0.14 ms, found 1 plugins.
Preloading 0 native plugins for Editor in 0.00 ms.
Unloading 595 Unused Serialized files (Serialized files now loaded: 0)
System memory in use before: 135.8 MB.
System memory in use after: 135.8 MB.

Unloading 7 unused Assets to reduce memory usage. Loaded Objects now: 1203.
Total: 1.983376 ms (FindLiveObjects: 0.088807 ms CreateObjectMapping: 0.016538 ms MarkObjects: 1.866236 ms  DeleteObjects: 0.010994 ms)

AssetImportParameters requested are different than current active one (requested -> active):
  custom:video-decoder-ogg-theora: a1e56fd34408186e4bbccfd4996cb3dc -> 
  custom:container-muxer-webm: aa71ff27fc2769a1b78a27578f13a17b -> 
  custom:container-demuxer-webm: 4f35f7cbe854078d1ac9338744f61a02 -> 
  custom:container-demuxer-ogg: 62fdf1f143b41e24485cea50d1cbac27 -> 
  custom:video-encoder-webm-vp8: eb34c28f22e8b96e1ab97ce403110664 -> 
  custom:framework-osx-AVFoundation: b23960f63f64bdc6ff669e2cdcee2391 -> 
  custom:video-decoder-webm-vp8: 9c59270c3fd7afecdb556c50c9e8de78 -> 
  custom:graphics/normal-map-encoding: 01000000000000000000000000000000 -> 02000000000000000000000000000000
  custom:audio-decoder-ogg-vorbis: bf7c407c2cedff20999df2af8eb42d56 -> 
  custom:audio-encoder-webm-vorbis: bf7c407c2cedff20999df2af8eb42d56 -> 
========================================================================
Received Prepare
Registering precompiled user dll's ...
Registered in 0.000644 seconds.
Begin MonoManager ReloadAssembly
Native extension for OSXStandalone target not found
Refreshing native plugins compatible for Editor in 0.14 ms, found 1 plugins.
Preloading 0 native plugins for Editor in 0.00 ms.
Mono: successfully reloaded assembly
- Completed reload, in  0.874 seconds
Domain Reload Profiling:
	ReloadAssembly (875ms)
		BeginReloadAssembly (102ms)
			ExecutionOrderSort (0ms)
			DisableScriptedObjects (5ms)
			BackupInstance (0ms)
			ReleaseScriptingObjects (0ms)
			CreateAndSetChildDomain (39ms)
		EndReloadAssembly (702ms)
			LoadAssemblies (71ms)
			RebuildTransferFunctionScriptingTraits (0ms)
			SetupTypeCache (225ms)
			ReleaseScriptCaches (0ms)
			RebuildScriptCaches (53ms)
			SetupLoadedEditorAssemblies (220ms)
				LogAssemblyErrors (0ms)
				InitializePlatformSupportModulesInManaged (5ms)
				SetLoadedEditorAssemblies (1ms)
				RefreshPlugins (0ms)
				BeforeProcessingInitializeOnLoad (88ms)
				ProcessInitializeOnLoadAttributes (119ms)
				ProcessInitializeOnLoadMethodAttributes (6ms)
				AfterProcessingInitializeOnLoad (1ms)
				EditorAssembliesLoaded (0ms)
			ExecutionOrderSort2 (0ms)
			AwakeInstancesAfterBackupRestoration (8ms)
Platform modules already initialized, skipping
Switching build target platform(2) subTarget(0) extendedPlatform(0) -> platform(13) subTarget(537395200) extendedPlatform(0)
Refreshing native plugins compatible for Editor in 0.12 ms, found 1 plugins.
Preloading 0 native plugins for Editor in 0.00 ms.
Unloading 595 Unused Serialized files (Serialized files now loaded: 0)
System memory in use before: 136.1 MB.
System memory in use after: 136.1 MB.

Unloading 7 unused Assets to reduce memory usage. Loaded Objects now: 1205.
Total: 1.932338 ms (FindLiveObjects: 0.082802 ms CreateObjectMapping: 0.015950 ms MarkObjects: 1.822934 ms  DeleteObjects: 0.009990 ms)

AssetImportParameters requested are different than current active one (requested -> active):
  custom:video-decoder-ogg-theora: a1e56fd34408186e4bbccfd4996cb3dc -> 
  custom:container-muxer-webm: aa71ff27fc2769a1b78a27578f13a17b -> 
  custom:container-demuxer-webm: 4f35f7cbe854078d1ac9338744f61a02 -> 
  custom:container-demuxer-ogg: 62fdf1f143b41e24485cea50d1cbac27 -> 
  custom:video-encoder-webm-vp8: eb34c28f22e8b96e1ab97ce403110664 -> 
  custom:framework-osx-AVFoundation: b23960f63f64bdc6ff669e2cdcee2391 -> 
  custom:video-decoder-webm-vp8: 9c59270c3fd7afecdb556c50c9e8de78 -> 
  custom:graphics/normal-map-encoding: 01000000000000000000000000000000 -> 02000000000000000000000000000000
  custom:audio-decoder-ogg-vorbis: bf7c407c2cedff20999df2af8eb42d56 -> 
  custom:audio-encoder-webm-vorbis: bf7c407c2cedff20999df2af8eb42d56 -> 
========================================================================
Received Prepare
Refreshing native plugins compatible for Editor in 0.68 ms, found 1 plugins.
Preloading 0 native plugins for Editor in 0.00 ms.
Unloading 6 Unused Serialized files (Serialized files now loaded: 0)
System memory in use before: 124.6 MB.
System memory in use after: 124.6 MB.

Unloading 5 unused Assets to reduce memory usage. Loaded Objects now: 1205.
Total: 2.034914 ms (FindLiveObjects: 0.082006 ms CreateObjectMapping: 0.015949 ms MarkObjects: 1.925685 ms  DeleteObjects: 0.010643 ms)

AssetImportParameters requested are different than current active one (requested -> active):
  custom:video-decoder-ogg-theora: a1e56fd34408186e4bbccfd4996cb3dc -> 
  custom:container-muxer-webm: aa71ff27fc2769a1b78a27578f13a17b -> 
  custom:container-demuxer-webm: 4f35f7cbe854078d1ac9338744f61a02 -> 
  custom:container-demuxer-ogg: 62fdf1f143b41e24485cea50d1cbac27 -> 
  custom:video-encoder-webm-vp8: eb34c28f22e8b96e1ab97ce403110664 -> 
  custom:framework-osx-AVFoundation: b23960f63f64bdc6ff669e2cdcee2391 -> 
  custom:video-decoder-webm-vp8: 9c59270c3fd7afecdb556c50c9e8de78 -> 
  custom:audio-decoder-ogg-vorbis: bf7c407c2cedff20999df2af8eb42d56 -> 
  custom:audio-encoder-webm-vorbis: bf7c407c2cedff20999df2af8eb42d56 -> 
========================================================================
Received Prepare
Registering precompiled user dll's ...
Registered in 0.000631 seconds.
Begin MonoManager ReloadAssembly
Native extension for OSXStandalone target not found
Refreshing native plugins compatible for Editor in 0.14 ms, found 1 plugins.
Preloading 0 native plugins for Editor in 0.00 ms.
Mono: successfully reloaded assembly
- Completed reload, in  0.877 seconds
Domain Reload Profiling:
	ReloadAssembly (877ms)
		BeginReloadAssembly (105ms)
			ExecutionOrderSort (0ms)
			DisableScriptedObjects (5ms)
			BackupInstance (0ms)
			ReleaseScriptingObjects (0ms)
			CreateAndSetChildDomain (41ms)
		EndReloadAssembly (701ms)
			LoadAssemblies (71ms)
			RebuildTransferFunctionScriptingTraits (0ms)
			SetupTypeCache (224ms)
			ReleaseScriptCaches (0ms)
			RebuildScriptCaches (51ms)
			SetupLoadedEditorAssemblies (216ms)
				LogAssemblyErrors (0ms)
				InitializePlatformSupportModulesInManaged (5ms)
				SetLoadedEditorAssemblies (1ms)
				RefreshPlugins (0ms)
				BeforeProcessingInitializeOnLoad (87ms)
				ProcessInitializeOnLoadAttributes (116ms)
				ProcessInitializeOnLoadMethodAttributes (5ms)
				AfterProcessingInitializeOnLoad (1ms)
				EditorAssembliesLoaded (0ms)
			ExecutionOrderSort2 (0ms)
			AwakeInstancesAfterBackupRestoration (8ms)
Platform modules already initialized, skipping
Switching build target platform(2) subTarget(0) extendedPlatform(0) -> platform(13) subTarget(537395200) extendedPlatform(0)
Refreshing native plugins compatible for Editor in 0.15 ms, found 1 plugins.
Preloading 0 native plugins for Editor in 0.00 ms.
Unloading 595 Unused Serialized files (Serialized files now loaded: 0)
System memory in use before: 136.3 MB.
System memory in use after: 136.3 MB.

Unloading 7 unused Assets to reduce memory usage. Loaded Objects now: 1207.
Total: 2.071675 ms (FindLiveObjects: 0.096066 ms CreateObjectMapping: 0.017393 ms MarkObjects: 1.944977 ms  DeleteObjects: 0.012381 ms)

AssetImportParameters requested are different than current active one (requested -> active):
  custom:video-decoder-ogg-theora: a1e56fd34408186e4bbccfd4996cb3dc -> 
  custom:container-muxer-webm: aa71ff27fc2769a1b78a27578f13a17b -> 
  custom:container-demuxer-webm: 4f35f7cbe854078d1ac9338744f61a02 -> 
  custom:container-demuxer-ogg: 62fdf1f143b41e24485cea50d1cbac27 -> 
  custom:video-encoder-webm-vp8: eb34c28f22e8b96e1ab97ce403110664 -> 
  custom:framework-osx-AVFoundation: b23960f63f64bdc6ff669e2cdcee2391 -> 
  custom:video-decoder-webm-vp8: 9c59270c3fd7afecdb556c50c9e8de78 -> 
  custom:graphics/normal-map-encoding: 01000000000000000000000000000000 -> 02000000000000000000000000000000
  custom:audio-decoder-ogg-vorbis: bf7c407c2cedff20999df2af8eb42d56 -> 
  custom:audio-encoder-webm-vorbis: bf7c407c2cedff20999df2af8eb42d56 -> 
AssetImportWorkerClient::OnTransportError - code=2 error=End of file
